
                               Synplify Pro (R) 

                 Version S-2021.09M for RHEL64 - Feb 23, 2022 

                    Copyright (c) 1988 - 2022 Synopsys, Inc.
   This software and the associated documentation are proprietary to Synopsys,
 Inc. This software may only be used in accordance with the terms and conditions
 of a written license agreement with Synopsys, Inc. All other use, reproduction,
   or distribution of this software is strictly prohibited.  Licensed Products
     communicate with Synopsys servers for the purpose of providing software
    updates, detecting software piracy and verifying that customers are using
    Licensed Products in conformity with the applicable License Key for such
  Licensed Products. Synopsys will use information gathered in connection with
    this process to deliver software updates and pursue software pirates and
                                   infringers.

 Inclusivity & Diversity - Visit SolvNetPlus to read the "Synopsys Statement on
            Inclusivity and Diversity" (Refer to article 000036315 at
                        https://solvnetplus.synopsys.com)

Starting:    /soft/sqatest5/releases/production/Synopsys/Synplify/lin/synplify_S202109M/linux_a_64/mbin/synbatch
Install:     /soft/sqatest5/releases/production/Synopsys/Synplify/lin/synplify_S202109M
Hostname:    hyd-sw-01
Date:        Tue May 17 09:05:06 2022
Version:     S-2021.09M

Arguments:   -product synplify_pro -licensetype synplifypro_actel -batch -log synplify.log PCIe_EP_Demo_syn.tcl
ProductType: synplify_pro

License checkout: synplifypro_actel
License: synplifypro_actel from server wilkie 
Licensed Vendor: actel
License Option: actel_oem

Running in Vendor Mode

Implementation not found: synthesis
log file: "/sqahyd/Pramod/Github_Examples/SmartDebug_PCIe_Register_read/PCIe_Register_Read/synthesis/PCIe_EP_Demo.srr"
Running: synthesis in foreground

Running PCIe_EP_Demo_syn|synthesis

Running Flow: compile (Compile) on PCIe_EP_Demo_syn|synthesis
# Tue May 17 09:05:08 2022

Running Flow: compile_flow (Compile Process) on PCIe_EP_Demo_syn|synthesis
# Tue May 17 09:05:08 2022

Running: compiler (Compile Input) on PCIe_EP_Demo_syn|synthesis
# Tue May 17 09:05:08 2022
Copied /sqahyd/Pramod/Github_Examples/SmartDebug_PCIe_Register_read/PCIe_Register_Read/synthesis/synwork/PCIe_EP_Demo_comp.srs to /sqahyd/Pramod/Github_Examples/SmartDebug_PCIe_Register_read/PCIe_Register_Read/synthesis/PCIe_EP_Demo.srs

compiler completed
# Tue May 17 09:07:52 2022

Return Code: 0
Run Time:00h:02m:44s

Running: multi_srs_gen (Multi-srs Generator) on PCIe_EP_Demo_syn|synthesis
# Tue May 17 09:07:52 2022

multi_srs_gen completed
# Tue May 17 09:08:00 2022

Return Code: 0
Run Time:00h:00m:08s
Copied /sqahyd/Pramod/Github_Examples/SmartDebug_PCIe_Register_read/PCIe_Register_Read/synthesis/synwork/PCIe_EP_Demo_mult.srs to /sqahyd/Pramod/Github_Examples/SmartDebug_PCIe_Register_read/PCIe_Register_Read/synthesis/PCIe_EP_Demo.srs
Complete: Compile Process on PCIe_EP_Demo_syn|synthesis

Running: premap (Premap) on PCIe_EP_Demo_syn|synthesis
# Tue May 17 09:08:00 2022

premap completed with warnings
# Tue May 17 09:08:54 2022

Return Code: 1
Run Time:00h:00m:54s
Complete: Compile on PCIe_EP_Demo_syn|synthesis

Running Flow: map (Map) on PCIe_EP_Demo_syn|synthesis
# Tue May 17 09:08:54 2022
License granted for 4 parallel jobs

Running: fpga_mapper (Map & Optimize) on PCIe_EP_Demo_syn|synthesis
# Tue May 17 09:08:54 2022
Copied /sqahyd/Pramod/Github_Examples/SmartDebug_PCIe_Register_read/PCIe_Register_Read/synthesis/synwork/PCIe_EP_Demo_m.srm to /sqahyd/Pramod/Github_Examples/SmartDebug_PCIe_Register_read/PCIe_Register_Read/synthesis/PCIe_EP_Demo.srm

fpga_mapper completed with warnings
# Tue May 17 09:10:59 2022

Return Code: 1
Run Time:00h:02m:05s
Complete: Map on PCIe_EP_Demo_syn|synthesis
Complete: Logic Synthesis on PCIe_EP_Demo_syn|synthesis
Copied /sqahyd/Pramod/Github_Examples/SmartDebug_PCIe_Register_read/PCIe_Register_Read/synthesis/PCIe_EP_Demo.srr to /sqahyd/Pramod/Github_Examples/SmartDebug_PCIe_Register_read/PCIe_Register_Read/synthesis/backup/PCIe_EP_Demo.srr
TCL script complete: "PCIe_EP_Demo_syn.tcl"
exit status=0
exit status=0
License checkin: synplifypro_actel
