@@ACTIVITY 0
 at Thu Jul 23 13:25:59 2020.

@@ACTIVITY 10
 at Thu Jul 23 13:26:30 2020.

@@ACTIVITY 20
 at Thu Jul 23 13:26:34 2020.

@@ACTIVITY 20.1
 at Thu Jul 23 13:26:34 2020.

@@ACTIVITY 20.2
 at Thu Jul 23 13:26:34 2020.

@@ACTIVITY 20.3
 at Thu Jul 23 13:26:34 2020.

@@ACTIVITY 20.4
 at Thu Jul 23 13:26:35 2020.

@@ACTIVITY 30
 at Thu Jul 23 13:26:35 2020.

@@ACTIVITY 40
 at Thu Jul 23 13:26:35 2020.

@@ACTIVITY 81
 at Mon Sep  7 10:25:06 2020.

@@ACTIVITY 6
 at Mon Sep  7 10:25:06 2020.

@@ACTIVITY 16
 at Mon Sep  7 10:25:06 2020.

@@ACTIVITY 36
 at Mon Sep  7 10:25:17 2020.

@@ACTIVITY 86
 at Mon Sep  7 10:25:47 2020.

@@ACTIVITY 50
 at Mon Sep  7 10:25:47 2020.


Tcl execution was successful.
 at Mon Sep  7 10:25:47 2020.


Tcl execution was successful.
 at Mon Sep  7 10:25:47 2020.

@@ACTIVITY 91
 at Mon Sep  7 10:25:53 2020.

@@ACTIVITY 100
 at Mon Sep  7 10:25:54 2020.

DEF0012: Unable to open file "G:\saikiran\sn\lyra_sk_sfix2_sn\btop\stg/data/pa5snvmgen.def" (`DEFPROG')
 at Mon Sep  7 10:26:01 2020.


Tcl execution was successful.
 at Mon Sep  7 10:26:01 2020.

@@ACTIVITY 0
 at Mon Sep  7 10:26:02 2020.

Reading file C:\ALL_OLD_DATA\LYRA_DESIGNS\TX_Ce_RX_Dy_x4_1400\designer\IOG_IOD_DDRX4_COMP\IOG_IOD_DDRX4_COMP.afl
 at Mon Sep  7 10:26:03 2020.

@@ACTIVITY 10
 at Mon Sep  7 10:26:03 2020.

Info: Generated dca file C:\ALL_OLD_DATA\LYRA_DESIGNS\TX_Ce_RX_Dy_x4_1400\designer\IOG_IOD_DDRX4_COMP\IOG_IOD_DDRX4_COMP.dca
 at Mon Sep  7 10:26:03 2020.

@@ACTIVITY 100
 at Mon Sep  7 10:26:03 2020.

g5layout exit = 0
 at Mon Sep  7 10:26:03 2020.

@@ACTIVITY 0
 at Wed Sep  9 14:28:06 2020.

@@ACTIVITY 10
 at Wed Sep  9 14:28:36 2020.

@@ACTIVITY 20
 at Wed Sep  9 14:28:39 2020.

@@ACTIVITY 20.1
 at Wed Sep  9 14:28:40 2020.

@@ACTIVITY 20.2
 at Wed Sep  9 14:28:40 2020.

@@ACTIVITY 20.3
 at Wed Sep  9 14:28:40 2020.

@@ACTIVITY 20.4
 at Wed Sep  9 14:28:40 2020.

@@ACTIVITY 30
 at Wed Sep  9 14:28:40 2020.

@@ACTIVITY 40
 at Wed Sep  9 14:28:40 2020.

@@ACTIVITY 0
 at Tue Dec  8 22:51:36 2020.

@@ACTIVITY 10
 at Tue Dec  8 22:52:08 2020.

@@ACTIVITY 20
 at Tue Dec  8 22:52:08 2020.


===============================================================================.
 at Tue Dec  8 22:52:10 2020.


 at Tue Dec  8 22:52:10 2020.

Info: Global design data: 
 at Tue Dec  8 22:52:10 2020.

      Total globals:                       5 
 at Tue Dec  8 22:52:10 2020.

      Globals that cannot be demoted:      4 
 at Tue Dec  8 22:52:10 2020.

      Globals considered for demotion:     1 
 at Tue Dec  8 22:52:10 2020.


 at Tue Dec  8 22:52:10 2020.


Info: List of globals that cannot be demoted: 
 at Tue Dec  8 22:52:10 2020.

    CLK    ASYN   DATA   Instance Name 
 at Tue Dec  8 22:52:10 2020.

    ---    ----   ----   ------------- 
 at Tue Dec  8 22:52:10 2020.

    2266   0      0      'PF_IOD_GENERIC_RX_C1_0/CLKINT_0' 
 at Tue Dec  8 22:52:10 2020.

    65     0      0      'PF_IOD_TX_CCC_C0_0/PF_CCC_0/clkint_8' 
 at Tue Dec  8 22:52:10 2020.

    7      0      1      'PF_CCC_C0_0/PF_CCC_C0_0/clkint_0' 
 at Tue Dec  8 22:52:10 2020.

    0      0      1      'PF_OSC_C1_0/PF_OSC_C1_0/I_OSC_160_INT' 
 at Tue Dec  8 22:52:10 2020.


Info: List of globals considered for demotion: 
 at Tue Dec  8 22:52:10 2020.

    CLK    ASYN   DATA   Instance Name 
 at Tue Dec  8 22:52:10 2020.

    ---    ----   ----   ------------- 
 at Tue Dec  8 22:52:10 2020.

    0      1596   0      'PF_IOD_GENERIC_RX_C1_0/COREBCLKSCLKALIGN_0/PF_IOD_GENERIC_RX_C1_TR_0/genblk1.U_ICB_BCLKSCLKALIGN/RX_CLK_ALIGN_DONE_rep_RNIOGJF' 
 at Tue Dec  8 22:52:10 2020.


Info: Demotion information: 
 at Tue Dec  8 22:52:10 2020.


===============================================================================.

 at Tue Dec  8 22:52:10 2020.

@@ACTIVITY 30
 at Tue Dec  8 22:52:10 2020.

@@ACTIVITY 40
 at Tue Dec  8 22:52:12 2020.

@@ACTIVITY 50
 at Tue Dec  8 22:52:14 2020.

@@ACTIVITY 60
 at Tue Dec  8 22:52:15 2020.

@@ACTIVITY 70
 at Tue Dec  8 22:52:15 2020.

@@ACTIVITY 80
 at Tue Dec  8 22:52:15 2020.

@@ACTIVITY 90
 at Tue Dec  8 22:52:16 2020.

@@ACTIVITY 100
 at Tue Dec  8 22:52:16 2020.

@@ACTIVITY 81
 at Wed Dec  9 00:59:58 2020.

@@ACTIVITY 6
 at Wed Dec  9 00:59:58 2020.

@@ACTIVITY 16
 at Wed Dec  9 00:59:58 2020.

@@ACTIVITY 36
 at Wed Dec  9 01:00:13 2020.

@@ACTIVITY 86
 at Wed Dec  9 01:00:51 2020.

@@ACTIVITY 50
 at Wed Dec  9 01:00:51 2020.


Tcl execution was successful.
 at Wed Dec  9 01:00:51 2020.


Tcl execution was successful.
 at Wed Dec  9 01:00:51 2020.

@@ACTIVITY 91
 at Wed Dec  9 01:00:56 2020.

@@ACTIVITY 100
 at Wed Dec  9 01:00:56 2020.


Tcl execution was successful.
 at Wed Dec  9 01:01:04 2020.

@@ACTIVITY 0
 at Wed Dec  9 01:01:05 2020.

Reading file E:\saikiran_sn\TC\IOD_MAIN\IOD_2bit20211\designer\IOG_IOD_DDRX4_COMP\IOG_IOD_DDRX4_COMP.afl
 at Wed Dec  9 01:01:07 2020.

@@ACTIVITY 10
 at Wed Dec  9 01:01:07 2020.

Info: Generated dca file E:\saikiran_sn\TC\IOD_MAIN\IOD_2bit20211\designer\IOG_IOD_DDRX4_COMP\IOG_IOD_DDRX4_COMP.dca
 at Wed Dec  9 01:01:07 2020.

@@ACTIVITY 100
 at Wed Dec  9 01:01:07 2020.

g5layout exit = 0
 at Wed Dec  9 01:01:07 2020.

@@ACTIVITY 0
 at Wed Dec  9 01:19:11 2020.

@@ACTIVITY 10
 at Wed Dec  9 01:19:47 2020.

@@ACTIVITY 20
 at Wed Dec  9 01:19:50 2020.

		 Found Rght in  Inst name = RX_BIT_ALIGN_RGHT_WIN_0_obuf[7]/U_IOTRI
 at Wed Dec  9 01:19:51 2020.

		 Found Left in  Inst name = CORERXIODBITALIGN_C0_0/CORERXIODBITALIGN_C0_0/u_CoreRxIODBitAlign/RX_BIT_ALIGN_LEFT_WIN[4]
 at Wed Dec  9 01:19:51 2020.

		 Found Rght in  Inst name = RX_BIT_ALIGN_RGHT_WIN_0_obuf[6]/U_IOPAD
 at Wed Dec  9 01:19:51 2020.

		 Found Left in  Inst name = RX_BIT_ALIGN_LEFT_WIN_obuf[0]/U_IOPAD
 at Wed Dec  9 01:19:51 2020.

		 Found Rght in  Inst name = RX_BIT_ALIGN_RGHT_WIN_obuf[4]/U_IOTRI
 at Wed Dec  9 01:19:51 2020.

		 Found Left in  Inst name = CORERXIODBITALIGN_C0_0/CORERXIODBITALIGN_C0_0/u_CoreRxIODBitAlign/RX_BIT_ALIGN_LEFT_WIN_11_1_0[5]
 at Wed Dec  9 01:19:51 2020.

		 Found Rght in  Inst name = CORERXIODBITALIGN_C0_1/CORERXIODBITALIGN_C0_0/u_CoreRxIODBitAlign/RX_BIT_ALIGN_RGHT_WIN[2]
 at Wed Dec  9 01:19:51 2020.

		 Found Left in  Inst name = CORERXIODBITALIGN_C0_1/CORERXIODBITALIGN_C0_0/u_CoreRxIODBitAlign/RX_BIT_ALIGN_LEFT_WIN[7]
 at Wed Dec  9 01:19:51 2020.

		 Found Left in  Inst name = CORERXIODBITALIGN_C0_1/CORERXIODBITALIGN_C0_0/u_CoreRxIODBitAlign/RX_BIT_ALIGN_LEFT_WIN_11_1_0[0]
 at Wed Dec  9 01:19:51 2020.

		 Found Rght in  Inst name = RX_BIT_ALIGN_RGHT_WIN_obuf[6]/U_IOTRI
 at Wed Dec  9 01:19:51 2020.

		 Found Rght in  Inst name = RX_BIT_ALIGN_RGHT_WIN_obuf[2]/U_IOTRI
 at Wed Dec  9 01:19:51 2020.

		 Found Rght in  Inst name = RX_BIT_ALIGN_RGHT_WIN_obuf[1]/U_IOPAD
 at Wed Dec  9 01:19:51 2020.

		 Found Left in  Inst name = RX_BIT_ALIGN_LEFT_WIN_obuf[6]/U_IOPAD
 at Wed Dec  9 01:19:51 2020.

		 Found Left in  Inst name = CORERXIODBITALIGN_C0_1/CORERXIODBITALIGN_C0_0/u_CoreRxIODBitAlign/RX_BIT_ALIGN_LEFT_WIN_11[2]
 at Wed Dec  9 01:19:51 2020.

		 Found Rght in  Inst name = RX_BIT_ALIGN_RGHT_WIN_obuf[2]/U_IOPAD
 at Wed Dec  9 01:19:51 2020.

		 Found Left in  Inst name = CORERXIODBITALIGN_C0_0/CORERXIODBITALIGN_C0_0/u_CoreRxIODBitAlign/RX_BIT_ALIGN_LEFT_WIN_11[6]
 at Wed Dec  9 01:19:51 2020.

		 ## Inst name = CORERXIODBITALIGN_C0_1/CORERXIODBITALIGN_C0_0/u_CoreRxIODBitAlign/sig_re_train
 at Wed Dec  9 01:19:51 2020.

		     Pin name = A
 at Wed Dec  9 01:19:51 2020.

		     Pin name = B
 at Wed Dec  9 01:19:51 2020.

		     Pin name = C
 at Wed Dec  9 01:19:51 2020.

		     Pin name = D
 at Wed Dec  9 01:19:51 2020.

		     Pin name = Y
 at Wed Dec  9 01:19:51 2020.

		 ################## - Inst  name = CORERXIODBITALIGN_C0_1
 at Wed Dec  9 01:19:51 2020.

		 ## Inst name = CORERXIODBITALIGN_C0_1/CORERXIODBITALIGN_C0_0/u_CoreRxIODBitAlign/early_flags_msb[127]
 at Wed Dec  9 01:19:51 2020.

		     Pin name = D
 at Wed Dec  9 01:19:51 2020.

		     Pin name = CLK
 at Wed Dec  9 01:19:51 2020.

		     Pin name = EN
 at Wed Dec  9 01:19:51 2020.

		     Pin name = ALn
 at Wed Dec  9 01:19:51 2020.

		     Pin name = ADn
 at Wed Dec  9 01:19:51 2020.

		     Pin name = SLn
 at Wed Dec  9 01:19:51 2020.

		     Pin name = SD
 at Wed Dec  9 01:19:51 2020.

		     Pin name = LAT
 at Wed Dec  9 01:19:51 2020.

		     Pin name = Q
 at Wed Dec  9 01:19:51 2020.

		 ## Inst name = CORERXIODBITALIGN_C0_1/CORERXIODBITALIGN_C0_0/u_CoreRxIODBitAlign/early_flags_lsb[127]
 at Wed Dec  9 01:19:51 2020.

		     Pin name = D
 at Wed Dec  9 01:19:51 2020.

		     Pin name = CLK
 at Wed Dec  9 01:19:51 2020.

		     Pin name = EN
 at Wed Dec  9 01:19:51 2020.

		     Pin name = ALn
 at Wed Dec  9 01:19:51 2020.

		     Pin name = ADn
 at Wed Dec  9 01:19:51 2020.

		     Pin name = SLn
 at Wed Dec  9 01:19:51 2020.

		     Pin name = SD
 at Wed Dec  9 01:19:51 2020.

		     Pin name = LAT
 at Wed Dec  9 01:19:51 2020.

		     Pin name = Q
 at Wed Dec  9 01:19:51 2020.

		 Found Left in  Inst name = CORERXIODBITALIGN_C0_0/CORERXIODBITALIGN_C0_0/u_CoreRxIODBitAlign/RX_BIT_ALIGN_LEFT_WIN15_0_a2_0
 at Wed Dec  9 01:19:51 2020.

		 Found Left in  Inst name = RX_BIT_ALIGN_LEFT_WIN_obuf[7]/U_IOTRI
 at Wed Dec  9 01:19:51 2020.

		 Found Left in  Inst name = RX_BIT_ALIGN_LEFT_WIN_obuf[1]/U_IOTRI
 at Wed Dec  9 01:19:51 2020.

		 Found Rght in  Inst name = CORERXIODBITALIGN_C0_0/CORERXIODBITALIGN_C0_0/u_CoreRxIODBitAlign/RX_BIT_ALIGN_RGHT_WIN[6]
 at Wed Dec  9 01:19:51 2020.

		 Found Rght in  Inst name = CORERXIODBITALIGN_C0_1/CORERXIODBITALIGN_C0_0/u_CoreRxIODBitAlign/RX_BIT_ALIGN_RGHT_WIN_11_1_0[0]
 at Wed Dec  9 01:19:51 2020.

		 Found Left in  Inst name = CORERXIODBITALIGN_C0_1/CORERXIODBITALIGN_C0_0/u_CoreRxIODBitAlign/RX_BIT_ALIGN_LEFT_WIN[4]
 at Wed Dec  9 01:19:51 2020.

		 Found Rght in  Inst name = CORERXIODBITALIGN_C0_1/CORERXIODBITALIGN_C0_0/u_CoreRxIODBitAlign/RX_BIT_ALIGN_RGHT_WIN_11_1_0[6]
 at Wed Dec  9 01:19:51 2020.

		 Found Left in  Inst name = CORERXIODBITALIGN_C0_1/CORERXIODBITALIGN_C0_0/u_CoreRxIODBitAlign/RX_BIT_ALIGN_LEFT_WIN_11[5]
 at Wed Dec  9 01:19:51 2020.

		 Found Left in  Inst name = CORERXIODBITALIGN_C0_1/CORERXIODBITALIGN_C0_0/u_CoreRxIODBitAlign/RX_BIT_ALIGN_LEFT_WIN_11_1_0[5]
 at Wed Dec  9 01:19:51 2020.

		 Found Left in  Inst name = CORERXIODBITALIGN_C0_0/CORERXIODBITALIGN_C0_0/u_CoreRxIODBitAlign/RX_BIT_ALIGN_LEFT_WIN_11_1_0[3]
 at Wed Dec  9 01:19:51 2020.

		 Found Rght in  Inst name = RX_BIT_ALIGN_RGHT_WIN_0_obuf[0]/U_IOPAD
 at Wed Dec  9 01:19:51 2020.

		 Found Left in  Inst name = RX_BIT_ALIGN_LEFT_WIN_0_obuf[3]/U_IOTRI
 at Wed Dec  9 01:19:51 2020.

		 Found Rght in  Inst name = CORERXIODBITALIGN_C0_1/CORERXIODBITALIGN_C0_0/u_CoreRxIODBitAlign/RX_BIT_ALIGN_RGHT_WIN[5]
 at Wed Dec  9 01:19:51 2020.

		 Found Left in  Inst name = CORERXIODBITALIGN_C0_0/CORERXIODBITALIGN_C0_0/u_CoreRxIODBitAlign/RX_BIT_ALIGN_LEFT_WIN_11[2]
 at Wed Dec  9 01:19:51 2020.

		 Found Left in  Inst name = CORERXIODBITALIGN_C0_1/CORERXIODBITALIGN_C0_0/u_CoreRxIODBitAlign/un1_RX_BIT_ALIGN_LEFT_WIN_1_sqmuxa
 at Wed Dec  9 01:19:51 2020.

		 ## Inst name = CORERXIODBITALIGN_C0_0/CORERXIODBITALIGN_C0_0/u_CoreRxIODBitAlign/sig_re_train
 at Wed Dec  9 01:19:51 2020.

		     Pin name = A
 at Wed Dec  9 01:19:51 2020.

		     Pin name = B
 at Wed Dec  9 01:19:51 2020.

		     Pin name = C
 at Wed Dec  9 01:19:51 2020.

		     Pin name = D
 at Wed Dec  9 01:19:51 2020.

		     Pin name = Y
 at Wed Dec  9 01:19:51 2020.

		 ################## - Inst  name = CORERXIODBITALIGN_C0_0
 at Wed Dec  9 01:19:51 2020.

		 ## Inst name = CORERXIODBITALIGN_C0_0/CORERXIODBITALIGN_C0_0/u_CoreRxIODBitAlign/early_flags_msb[127]
 at Wed Dec  9 01:19:51 2020.

		     Pin name = D
 at Wed Dec  9 01:19:51 2020.

		     Pin name = CLK
 at Wed Dec  9 01:19:51 2020.

		     Pin name = EN
 at Wed Dec  9 01:19:51 2020.

		     Pin name = ALn
 at Wed Dec  9 01:19:51 2020.

		     Pin name = ADn
 at Wed Dec  9 01:19:51 2020.

		     Pin name = SLn
 at Wed Dec  9 01:19:51 2020.

		     Pin name = SD
 at Wed Dec  9 01:19:51 2020.

		     Pin name = LAT
 at Wed Dec  9 01:19:51 2020.

		     Pin name = Q
 at Wed Dec  9 01:19:51 2020.

		 ## Inst name = CORERXIODBITALIGN_C0_0/CORERXIODBITALIGN_C0_0/u_CoreRxIODBitAlign/early_flags_lsb[127]
 at Wed Dec  9 01:19:51 2020.

		     Pin name = D
 at Wed Dec  9 01:19:51 2020.

		     Pin name = CLK
 at Wed Dec  9 01:19:51 2020.

		     Pin name = EN
 at Wed Dec  9 01:19:51 2020.

		     Pin name = ALn
 at Wed Dec  9 01:19:51 2020.

		     Pin name = ADn
 at Wed Dec  9 01:19:51 2020.

		     Pin name = SLn
 at Wed Dec  9 01:19:51 2020.

		     Pin name = SD
 at Wed Dec  9 01:19:51 2020.

		     Pin name = LAT
 at Wed Dec  9 01:19:51 2020.

		     Pin name = Q
 at Wed Dec  9 01:19:51 2020.

		 Found Rght in  Inst name = CORERXIODBITALIGN_C0_1/CORERXIODBITALIGN_C0_0/u_CoreRxIODBitAlign/RX_BIT_ALIGN_RGHT_WIN_11_1_0[7]
 at Wed Dec  9 01:19:51 2020.

		 Found Rght in  Inst name = RX_BIT_ALIGN_RGHT_WIN_0_obuf[3]/U_IOTRI
 at Wed Dec  9 01:19:51 2020.

		 Found Left in  Inst name = CORERXIODBITALIGN_C0_0/CORERXIODBITALIGN_C0_0/u_CoreRxIODBitAlign/RX_BIT_ALIGN_LEFT_WIN[5]
 at Wed Dec  9 01:19:51 2020.

		 Found Rght in  Inst name = RX_BIT_ALIGN_RGHT_WIN_0_obuf[2]/U_IOTRI
 at Wed Dec  9 01:19:51 2020.

		 Found Left in  Inst name = CORERXIODBITALIGN_C0_1/CORERXIODBITALIGN_C0_0/u_CoreRxIODBitAlign/RX_BIT_ALIGN_LEFT_WIN_11_1_0[1]
 at Wed Dec  9 01:19:51 2020.

		 Found Left in  Inst name = CORERXIODBITALIGN_C0_0/CORERXIODBITALIGN_C0_0/u_CoreRxIODBitAlign/RX_BIT_ALIGN_LEFT_WIN_11_1_0[6]
 at Wed Dec  9 01:19:51 2020.

		 Found Rght in  Inst name = CORERXIODBITALIGN_C0_0/CORERXIODBITALIGN_C0_0/u_CoreRxIODBitAlign/RX_BIT_ALIGN_RGHT_WIN_11_1_0[5]
 at Wed Dec  9 01:19:51 2020.

		 Found Left in  Inst name = RX_BIT_ALIGN_LEFT_WIN_0_obuf[6]/U_IOTRI
 at Wed Dec  9 01:19:51 2020.

		 Found Left in  Inst name = CORERXIODBITALIGN_C0_0/CORERXIODBITALIGN_C0_0/u_CoreRxIODBitAlign/RX_BIT_ALIGN_LEFT_WIN_11[5]
 at Wed Dec  9 01:19:51 2020.

		 Found Rght in  Inst name = CORERXIODBITALIGN_C0_0/CORERXIODBITALIGN_C0_0/u_CoreRxIODBitAlign/RX_BIT_ALIGN_RGHT_WIN_11_1_0[3]
 at Wed Dec  9 01:19:51 2020.

		 Found Left in  Inst name = CORERXIODBITALIGN_C0_0/CORERXIODBITALIGN_C0_0/u_CoreRxIODBitAlign/RX_BIT_ALIGN_LEFT_WIN_11_1_0[4]
 at Wed Dec  9 01:19:51 2020.

		 Found Left in  Inst name = CORERXIODBITALIGN_C0_1/CORERXIODBITALIGN_C0_0/u_CoreRxIODBitAlign/RX_BIT_ALIGN_LEFT_WIN_11[7]
 at Wed Dec  9 01:19:51 2020.

		 Found Left in  Inst name = RX_BIT_ALIGN_LEFT_WIN_obuf[4]/U_IOPAD
 at Wed Dec  9 01:19:51 2020.

		 Found Rght in  Inst name = RX_BIT_ALIGN_RGHT_WIN_obuf[3]/U_IOTRI
 at Wed Dec  9 01:19:51 2020.

		 Found Rght in  Inst name = RX_BIT_ALIGN_RGHT_WIN_0_obuf[7]/U_IOPAD
 at Wed Dec  9 01:19:51 2020.

		 Found Left in  Inst name = RX_BIT_ALIGN_LEFT_WIN_0_obuf[2]/U_IOPAD
 at Wed Dec  9 01:19:51 2020.

		 Found Left in  Inst name = RX_BIT_ALIGN_LEFT_WIN_obuf[5]/U_IOTRI
 at Wed Dec  9 01:19:51 2020.

		 Found Rght in  Inst name = CORERXIODBITALIGN_C0_0/CORERXIODBITALIGN_C0_0/u_CoreRxIODBitAlign/RX_BIT_ALIGN_RGHT_WIN_11[1]
 at Wed Dec  9 01:19:51 2020.

		 Found Left in  Inst name = RX_BIT_ALIGN_LEFT_WIN_obuf[1]/U_IOPAD
 at Wed Dec  9 01:19:51 2020.

		 Found Left in  Inst name = CORERXIODBITALIGN_C0_0/CORERXIODBITALIGN_C0_0/u_CoreRxIODBitAlign/RX_BIT_ALIGN_LEFT_WIN_11[1]
 at Wed Dec  9 01:19:51 2020.

		 Found Left in  Inst name = CORERXIODBITALIGN_C0_0/CORERXIODBITALIGN_C0_0/u_CoreRxIODBitAlign/un1_RX_BIT_ALIGN_LEFT_WIN22_1_i_a2
 at Wed Dec  9 01:19:51 2020.

		 Found Rght in  Inst name = CORERXIODBITALIGN_C0_0/CORERXIODBITALIGN_C0_0/u_CoreRxIODBitAlign/RX_BIT_ALIGN_RGHT_WIN_11[4]
 at Wed Dec  9 01:19:51 2020.

		 Found Rght in  Inst name = RX_BIT_ALIGN_RGHT_WIN_obuf[7]/U_IOTRI
 at Wed Dec  9 01:19:51 2020.

		 Found Left in  Inst name = RX_BIT_ALIGN_LEFT_WIN_0_obuf[5]/U_IOPAD
 at Wed Dec  9 01:19:51 2020.

		 Found Left in  Inst name = CORERXIODBITALIGN_C0_1/CORERXIODBITALIGN_C0_0/u_CoreRxIODBitAlign/RX_BIT_ALIGN_LEFT_WIN[5]
 at Wed Dec  9 01:19:51 2020.

		 Found Left in  Inst name = CORERXIODBITALIGN_C0_1/CORERXIODBITALIGN_C0_0/u_CoreRxIODBitAlign/RX_BIT_ALIGN_LEFT_WIN_11_1_0[4]
 at Wed Dec  9 01:19:51 2020.

		 Found Rght in  Inst name = CORERXIODBITALIGN_C0_1/CORERXIODBITALIGN_C0_0/u_CoreRxIODBitAlign/RX_BIT_ALIGN_RGHT_WIN[6]
 at Wed Dec  9 01:19:51 2020.

		 Found Left in  Inst name = RX_BIT_ALIGN_LEFT_WIN_obuf[5]/U_IOPAD
 at Wed Dec  9 01:19:51 2020.

		 Found Rght in  Inst name = CORERXIODBITALIGN_C0_1/CORERXIODBITALIGN_C0_0/u_CoreRxIODBitAlign/RX_BIT_ALIGN_RGHT_WIN_11[2]
 at Wed Dec  9 01:19:51 2020.

		 Found Rght in  Inst name = CORERXIODBITALIGN_C0_0/CORERXIODBITALIGN_C0_0/u_CoreRxIODBitAlign/RX_BIT_ALIGN_RGHT_WIN[3]
 at Wed Dec  9 01:19:51 2020.

		 Found Left in  Inst name = RX_BIT_ALIGN_LEFT_WIN_obuf[7]/U_IOPAD
 at Wed Dec  9 01:19:51 2020.

		 Found Left in  Inst name = CORERXIODBITALIGN_C0_1/CORERXIODBITALIGN_C0_0/u_CoreRxIODBitAlign/RX_BIT_ALIGN_LEFT_WIN_11[1]
 at Wed Dec  9 01:19:51 2020.

		 Found Rght in  Inst name = CORERXIODBITALIGN_C0_0/CORERXIODBITALIGN_C0_0/u_CoreRxIODBitAlign/RX_BIT_ALIGN_RGHT_WIN_11_1_0[0]
 at Wed Dec  9 01:19:51 2020.

		 Found Left in  Inst name = RX_BIT_ALIGN_LEFT_WIN_0_obuf[6]/U_IOPAD
 at Wed Dec  9 01:19:51 2020.

		 Found Rght in  Inst name = CORERXIODBITALIGN_C0_0/CORERXIODBITALIGN_C0_0/u_CoreRxIODBitAlign/RX_BIT_ALIGN_RGHT_WIN[1]
 at Wed Dec  9 01:19:51 2020.

		 Found Rght in  Inst name = RX_BIT_ALIGN_RGHT_WIN_obuf[0]/U_IOTRI
 at Wed Dec  9 01:19:51 2020.

		 Found Rght in  Inst name = CORERXIODBITALIGN_C0_0/CORERXIODBITALIGN_C0_0/u_CoreRxIODBitAlign/RX_BIT_ALIGN_RGHT_WIN_11[0]
 at Wed Dec  9 01:19:51 2020.

		 Found Left in  Inst name = CORERXIODBITALIGN_C0_0/CORERXIODBITALIGN_C0_0/u_CoreRxIODBitAlign/RX_BIT_ALIGN_LEFT_WIN[6]
 at Wed Dec  9 01:19:51 2020.

		 Found Rght in  Inst name = CORERXIODBITALIGN_C0_0/CORERXIODBITALIGN_C0_0/u_CoreRxIODBitAlign/RX_BIT_ALIGN_RGHT_WIN_11_1_0[6]
 at Wed Dec  9 01:19:51 2020.

		 Found Left in  Inst name = CORERXIODBITALIGN_C0_0/CORERXIODBITALIGN_C0_0/u_CoreRxIODBitAlign/RX_BIT_ALIGN_LEFT_WIN_11[0]
 at Wed Dec  9 01:19:51 2020.

		 Found Rght in  Inst name = RX_BIT_ALIGN_RGHT_WIN_obuf[3]/U_IOPAD
 at Wed Dec  9 01:19:51 2020.

		 Found Rght in  Inst name = CORERXIODBITALIGN_C0_0/CORERXIODBITALIGN_C0_0/u_CoreRxIODBitAlign/RX_BIT_ALIGN_RGHT_WIN_11_1_0[4]
 at Wed Dec  9 01:19:52 2020.

		 Found Left in  Inst name = RX_BIT_ALIGN_LEFT_WIN_0_obuf[0]/U_IOPAD
 at Wed Dec  9 01:19:52 2020.

		 Found Rght in  Inst name = CORERXIODBITALIGN_C0_1/CORERXIODBITALIGN_C0_0/u_CoreRxIODBitAlign/RX_BIT_ALIGN_RGHT_WIN_11_1_0[5]
 at Wed Dec  9 01:19:52 2020.

		 Found Rght in  Inst name = RX_BIT_ALIGN_RGHT_WIN_0_obuf[1]/U_IOTRI
 at Wed Dec  9 01:19:52 2020.

		 Found Rght in  Inst name = CORERXIODBITALIGN_C0_1/CORERXIODBITALIGN_C0_0/u_CoreRxIODBitAlign/RX_BIT_ALIGN_RGHT_WIN_11_1_0[1]
 at Wed Dec  9 01:19:52 2020.

		 Found Left in  Inst name = CORERXIODBITALIGN_C0_0/CORERXIODBITALIGN_C0_0/u_CoreRxIODBitAlign/RX_BIT_ALIGN_LEFT_WIN_0_sqmuxa_1
 at Wed Dec  9 01:19:52 2020.

		 Found Left in  Inst name = RX_BIT_ALIGN_LEFT_WIN_obuf[0]/U_IOTRI
 at Wed Dec  9 01:19:52 2020.

		 Found Left in  Inst name = CORERXIODBITALIGN_C0_0/CORERXIODBITALIGN_C0_0/u_CoreRxIODBitAlign/RX_BIT_ALIGN_LEFT_WIN[0]
 at Wed Dec  9 01:19:52 2020.

		 Found Rght in  Inst name = CORERXIODBITALIGN_C0_1/CORERXIODBITALIGN_C0_0/u_CoreRxIODBitAlign/RX_BIT_ALIGN_RGHT_WIN[3]
 at Wed Dec  9 01:19:52 2020.

		 Found Left in  Inst name = CORERXIODBITALIGN_C0_0/CORERXIODBITALIGN_C0_0/u_CoreRxIODBitAlign/RX_BIT_ALIGN_LEFT_WIN_11[3]
 at Wed Dec  9 01:19:52 2020.

		 Found Left in  Inst name = CORERXIODBITALIGN_C0_1/CORERXIODBITALIGN_C0_0/u_CoreRxIODBitAlign/RX_BIT_ALIGN_LEFT_WIN[6]
 at Wed Dec  9 01:19:52 2020.

		 Found Left in  Inst name = RX_BIT_ALIGN_LEFT_WIN_0_obuf[0]/U_IOTRI
 at Wed Dec  9 01:19:52 2020.

		 Found Left in  Inst name = RX_BIT_ALIGN_LEFT_WIN_0_obuf[7]/U_IOTRI
 at Wed Dec  9 01:19:52 2020.

		 Found Rght in  Inst name = CORERXIODBITALIGN_C0_1/CORERXIODBITALIGN_C0_0/u_CoreRxIODBitAlign/RX_BIT_ALIGN_RGHT_WIN_11_1_0[3]
 at Wed Dec  9 01:19:52 2020.

		 Found Rght in  Inst name = RX_BIT_ALIGN_RGHT_WIN_0_obuf[5]/U_IOTRI
 at Wed Dec  9 01:19:52 2020.

		 Found Rght in  Inst name = RX_BIT_ALIGN_RGHT_WIN_0_obuf[1]/U_IOPAD
 at Wed Dec  9 01:19:52 2020.

		 Found Left in  Inst name = CORERXIODBITALIGN_C0_1/CORERXIODBITALIGN_C0_0/u_CoreRxIODBitAlign/RX_BIT_ALIGN_LEFT_WIN_11[3]
 at Wed Dec  9 01:19:52 2020.

		 Found Left in  Inst name = RX_BIT_ALIGN_LEFT_WIN_0_obuf[1]/U_IOPAD
 at Wed Dec  9 01:19:52 2020.

		 Found Left in  Inst name = CORERXIODBITALIGN_C0_0/CORERXIODBITALIGN_C0_0/u_CoreRxIODBitAlign/RX_BIT_ALIGN_LEFT_WIN_11[7]
 at Wed Dec  9 01:19:52 2020.

		 Found Rght in  Inst name = CORERXIODBITALIGN_C0_0/CORERXIODBITALIGN_C0_0/u_CoreRxIODBitAlign/RX_BIT_ALIGN_RGHT_WIN_11_1_0[2]
 at Wed Dec  9 01:19:52 2020.

		 Found Left in  Inst name = CORERXIODBITALIGN_C0_0/CORERXIODBITALIGN_C0_0/u_CoreRxIODBitAlign/RX_BIT_ALIGN_LEFT_WIN[2]
 at Wed Dec  9 01:19:52 2020.

		 Found Rght in  Inst name = CORERXIODBITALIGN_C0_1/CORERXIODBITALIGN_C0_0/u_CoreRxIODBitAlign/RX_BIT_ALIGN_RGHT_WIN[1]
 at Wed Dec  9 01:19:52 2020.

		 Found Rght in  Inst name = CORERXIODBITALIGN_C0_0/CORERXIODBITALIGN_C0_0/u_CoreRxIODBitAlign/RX_BIT_ALIGN_RGHT_WIN_11[6]
 at Wed Dec  9 01:19:52 2020.

		 Found Left in  Inst name = CORERXIODBITALIGN_C0_1/CORERXIODBITALIGN_C0_0/u_CoreRxIODBitAlign/RX_BIT_ALIGN_LEFT_WIN_11[0]
 at Wed Dec  9 01:19:52 2020.

		 Found Left in  Inst name = CORERXIODBITALIGN_C0_1/CORERXIODBITALIGN_C0_0/u_CoreRxIODBitAlign/RX_BIT_ALIGN_LEFT_WIN[0]
 at Wed Dec  9 01:19:52 2020.

		 Found Rght in  Inst name = CORERXIODBITALIGN_C0_1/CORERXIODBITALIGN_C0_0/u_CoreRxIODBitAlign/RX_BIT_ALIGN_RGHT_WIN_11[0]
 at Wed Dec  9 01:19:52 2020.

		 Found Rght in  Inst name = RX_BIT_ALIGN_RGHT_WIN_0_obuf[4]/U_IOPAD
 at Wed Dec  9 01:19:52 2020.

		 Found Left in  Inst name = CORERXIODBITALIGN_C0_1/CORERXIODBITALIGN_C0_0/u_CoreRxIODBitAlign/RX_BIT_ALIGN_LEFT_WIN_11[6]
 at Wed Dec  9 01:19:52 2020.

		 Found Left in  Inst name = RX_BIT_ALIGN_LEFT_WIN_0_obuf[4]/U_IOPAD
 at Wed Dec  9 01:19:52 2020.

		 Found Rght in  Inst name = RX_BIT_ALIGN_RGHT_WIN_0_obuf[4]/U_IOTRI
 at Wed Dec  9 01:19:52 2020.

		 Found Rght in  Inst name = RX_BIT_ALIGN_RGHT_WIN_obuf[7]/U_IOPAD
 at Wed Dec  9 01:19:52 2020.

		 Found Left in  Inst name = CORERXIODBITALIGN_C0_1/CORERXIODBITALIGN_C0_0/u_CoreRxIODBitAlign/RX_BIT_ALIGN_LEFT_WIN_11_1_0[2]
 at Wed Dec  9 01:19:52 2020.

		 Found Rght in  Inst name = CORERXIODBITALIGN_C0_0/CORERXIODBITALIGN_C0_0/u_CoreRxIODBitAlign/RX_BIT_ALIGN_RGHT_WIN_11[3]
 at Wed Dec  9 01:19:52 2020.

		 Found Left in  Inst name = RX_BIT_ALIGN_LEFT_WIN_obuf[6]/U_IOTRI
 at Wed Dec  9 01:19:52 2020.

		 Found Rght in  Inst name = CORERXIODBITALIGN_C0_0/CORERXIODBITALIGN_C0_0/u_CoreRxIODBitAlign/RX_BIT_ALIGN_RGHT_WIN[7]
 at Wed Dec  9 01:19:52 2020.

		 Found Rght in  Inst name = CORERXIODBITALIGN_C0_1/CORERXIODBITALIGN_C0_0/u_CoreRxIODBitAlign/RX_BIT_ALIGN_RGHT_WIN_11[5]
 at Wed Dec  9 01:19:52 2020.

		 Found Left in  Inst name = CORERXIODBITALIGN_C0_1/CORERXIODBITALIGN_C0_0/u_CoreRxIODBitAlign/un1_RX_BIT_ALIGN_LEFT_WIN22_1_i_a2
 at Wed Dec  9 01:19:52 2020.

		 Found Rght in  Inst name = CORERXIODBITALIGN_C0_1/CORERXIODBITALIGN_C0_0/u_CoreRxIODBitAlign/RX_BIT_ALIGN_RGHT_WIN_11_1_0[4]
 at Wed Dec  9 01:19:52 2020.

		 Found Rght in  Inst name = CORERXIODBITALIGN_C0_1/CORERXIODBITALIGN_C0_0/u_CoreRxIODBitAlign/RX_BIT_ALIGN_RGHT_WIN_11[3]
 at Wed Dec  9 01:19:52 2020.

		 Found Left in  Inst name = CORERXIODBITALIGN_C0_1/CORERXIODBITALIGN_C0_0/u_CoreRxIODBitAlign/RX_BIT_ALIGN_LEFT_WIN[2]
 at Wed Dec  9 01:19:52 2020.

		 Found Left in  Inst name = CORERXIODBITALIGN_C0_0/CORERXIODBITALIGN_C0_0/u_CoreRxIODBitAlign/RX_BIT_ALIGN_LEFT_WIN[1]
 at Wed Dec  9 01:19:52 2020.

		 Found Rght in  Inst name = RX_BIT_ALIGN_RGHT_WIN_0_obuf[2]/U_IOPAD
 at Wed Dec  9 01:19:52 2020.

		 Found Left in  Inst name = CORERXIODBITALIGN_C0_0/CORERXIODBITALIGN_C0_0/u_CoreRxIODBitAlign/un1_RX_BIT_ALIGN_LEFT_WIN_1_sqmuxa
 at Wed Dec  9 01:19:52 2020.

		 Found Left in  Inst name = CORERXIODBITALIGN_C0_1/CORERXIODBITALIGN_C0_0/u_CoreRxIODBitAlign/RX_BIT_ALIGN_LEFT_WIN_11[4]
 at Wed Dec  9 01:19:52 2020.

		 Found Rght in  Inst name = RX_BIT_ALIGN_RGHT_WIN_0_obuf[0]/U_IOTRI
 at Wed Dec  9 01:19:52 2020.

		 Found Left in  Inst name = RX_BIT_ALIGN_LEFT_WIN_0_obuf[1]/U_IOTRI
 at Wed Dec  9 01:19:52 2020.

		 Found Rght in  Inst name = RX_BIT_ALIGN_RGHT_WIN_obuf[4]/U_IOPAD
 at Wed Dec  9 01:19:52 2020.

		 Found Rght in  Inst name = CORERXIODBITALIGN_C0_1/CORERXIODBITALIGN_C0_0/u_CoreRxIODBitAlign/RX_BIT_ALIGN_RGHT_WIN_11[1]
 at Wed Dec  9 01:19:52 2020.

		 Found Left in  Inst name = RX_BIT_ALIGN_LEFT_WIN_0_obuf[5]/U_IOTRI
 at Wed Dec  9 01:19:52 2020.

		 Found Rght in  Inst name = CORERXIODBITALIGN_C0_0/CORERXIODBITALIGN_C0_0/u_CoreRxIODBitAlign/RX_BIT_ALIGN_RGHT_WIN_11[7]
 at Wed Dec  9 01:19:52 2020.

		 Found Left in  Inst name = RX_BIT_ALIGN_LEFT_WIN_0_obuf[2]/U_IOTRI
 at Wed Dec  9 01:19:52 2020.

		 Found Left in  Inst name = CORERXIODBITALIGN_C0_0/CORERXIODBITALIGN_C0_0/u_CoreRxIODBitAlign/RX_BIT_ALIGN_LEFT_WIN_11_1_0[7]
 at Wed Dec  9 01:19:52 2020.

		 Found Rght in  Inst name = RX_BIT_ALIGN_RGHT_WIN_obuf[1]/U_IOTRI
 at Wed Dec  9 01:19:52 2020.

		 Found Rght in  Inst name = RX_BIT_ALIGN_RGHT_WIN_0_obuf[3]/U_IOPAD
 at Wed Dec  9 01:19:52 2020.

		 Found Left in  Inst name = CORERXIODBITALIGN_C0_0/CORERXIODBITALIGN_C0_0/u_CoreRxIODBitAlign/RX_BIT_ALIGN_LEFT_WIN[3]
 at Wed Dec  9 01:19:52 2020.

		 Found Left in  Inst name = CORERXIODBITALIGN_C0_1/CORERXIODBITALIGN_C0_0/u_CoreRxIODBitAlign/RX_BIT_ALIGN_LEFT_WIN[1]
 at Wed Dec  9 01:19:52 2020.

		 Found Left in  Inst name = RX_BIT_ALIGN_LEFT_WIN_obuf[4]/U_IOTRI
 at Wed Dec  9 01:19:52 2020.

		 Found Left in  Inst name = RX_BIT_ALIGN_LEFT_WIN_0_obuf[3]/U_IOPAD
 at Wed Dec  9 01:19:52 2020.

		 Found Rght in  Inst name = RX_BIT_ALIGN_RGHT_WIN_0_obuf[5]/U_IOPAD
 at Wed Dec  9 01:19:52 2020.

		 Found Rght in  Inst name = CORERXIODBITALIGN_C0_0/CORERXIODBITALIGN_C0_0/u_CoreRxIODBitAlign/RX_BIT_ALIGN_RGHT_WIN[4]
 at Wed Dec  9 01:19:52 2020.

		 Found Left in  Inst name = CORERXIODBITALIGN_C0_0/CORERXIODBITALIGN_C0_0/u_CoreRxIODBitAlign/RX_BIT_ALIGN_LEFT_WIN_11_1_0[0]
 at Wed Dec  9 01:19:52 2020.

		 Found Rght in  Inst name = RX_BIT_ALIGN_RGHT_WIN_obuf[6]/U_IOPAD
 at Wed Dec  9 01:19:52 2020.

		 Found Rght in  Inst name = CORERXIODBITALIGN_C0_1/CORERXIODBITALIGN_C0_0/u_CoreRxIODBitAlign/RX_BIT_ALIGN_RGHT_WIN[7]
 at Wed Dec  9 01:19:52 2020.

		 Found Rght in  Inst name = CORERXIODBITALIGN_C0_0/CORERXIODBITALIGN_C0_0/u_CoreRxIODBitAlign/RX_BIT_ALIGN_RGHT_WIN[0]
 at Wed Dec  9 01:19:52 2020.

		 Found Rght in  Inst name = CORERXIODBITALIGN_C0_1/CORERXIODBITALIGN_C0_0/u_CoreRxIODBitAlign/RX_BIT_ALIGN_RGHT_WIN_11[4]
 at Wed Dec  9 01:19:52 2020.

		 Found Left in  Inst name = RX_BIT_ALIGN_LEFT_WIN_obuf[3]/U_IOPAD
 at Wed Dec  9 01:19:52 2020.

		 Found Rght in  Inst name = CORERXIODBITALIGN_C0_0/CORERXIODBITALIGN_C0_0/u_CoreRxIODBitAlign/RX_BIT_ALIGN_RGHT_WIN_11[5]
 at Wed Dec  9 01:19:52 2020.

		 Found Left in  Inst name = RX_BIT_ALIGN_LEFT_WIN_0_obuf[4]/U_IOTRI
 at Wed Dec  9 01:19:52 2020.

		 Found Left in  Inst name = CORERXIODBITALIGN_C0_0/CORERXIODBITALIGN_C0_0/u_CoreRxIODBitAlign/RX_BIT_ALIGN_LEFT_WIN_11_1_0[2]
 at Wed Dec  9 01:19:52 2020.

		 Found Left in  Inst name = CORERXIODBITALIGN_C0_1/CORERXIODBITALIGN_C0_0/u_CoreRxIODBitAlign/RX_BIT_ALIGN_LEFT_WIN[3]
 at Wed Dec  9 01:19:52 2020.

		 Found Left in  Inst name = CORERXIODBITALIGN_C0_1/CORERXIODBITALIGN_C0_0/u_CoreRxIODBitAlign/RX_BIT_ALIGN_LEFT_WIN15_0_a2_0
 at Wed Dec  9 01:19:52 2020.

		 Found Rght in  Inst name = CORERXIODBITALIGN_C0_0/CORERXIODBITALIGN_C0_0/u_CoreRxIODBitAlign/RX_BIT_ALIGN_RGHT_WIN[2]
 at Wed Dec  9 01:19:52 2020.

		 Found Left in  Inst name = RX_BIT_ALIGN_LEFT_WIN_obuf[2]/U_IOTRI
 at Wed Dec  9 01:19:52 2020.

		 Found Rght in  Inst name = CORERXIODBITALIGN_C0_1/CORERXIODBITALIGN_C0_0/u_CoreRxIODBitAlign/RX_BIT_ALIGN_RGHT_WIN_11_1_0[2]
 at Wed Dec  9 01:19:52 2020.

		 Found Rght in  Inst name = CORERXIODBITALIGN_C0_0/CORERXIODBITALIGN_C0_0/u_CoreRxIODBitAlign/RX_BIT_ALIGN_RGHT_WIN_11_1_0[7]
 at Wed Dec  9 01:19:52 2020.

		 Found Rght in  Inst name = RX_BIT_ALIGN_RGHT_WIN_0_obuf[6]/U_IOTRI
 at Wed Dec  9 01:19:53 2020.

		 Found Left in  Inst name = CORERXIODBITALIGN_C0_1/CORERXIODBITALIGN_C0_0/u_CoreRxIODBitAlign/RX_BIT_ALIGN_LEFT_WIN_11_1_0[3]
 at Wed Dec  9 01:19:53 2020.

		 Found Rght in  Inst name = CORERXIODBITALIGN_C0_1/CORERXIODBITALIGN_C0_0/u_CoreRxIODBitAlign/RX_BIT_ALIGN_RGHT_WIN_11[6]
 at Wed Dec  9 01:19:53 2020.

		 Found Rght in  Inst name = RX_BIT_ALIGN_RGHT_WIN_obuf[0]/U_IOPAD
 at Wed Dec  9 01:19:53 2020.

		 Found Left in  Inst name = RX_BIT_ALIGN_LEFT_WIN_obuf[2]/U_IOPAD
 at Wed Dec  9 01:19:53 2020.

		 Found Rght in  Inst name = CORERXIODBITALIGN_C0_1/CORERXIODBITALIGN_C0_0/u_CoreRxIODBitAlign/RX_BIT_ALIGN_RGHT_WIN[4]
 at Wed Dec  9 01:19:53 2020.

		 Found Left in  Inst name = CORERXIODBITALIGN_C0_0/CORERXIODBITALIGN_C0_0/u_CoreRxIODBitAlign/RX_BIT_ALIGN_LEFT_WIN[7]
 at Wed Dec  9 01:19:53 2020.

		 Found Rght in  Inst name = CORERXIODBITALIGN_C0_0/CORERXIODBITALIGN_C0_0/u_CoreRxIODBitAlign/RX_BIT_ALIGN_RGHT_WIN_11[2]
 at Wed Dec  9 01:19:53 2020.

		 Found Left in  Inst name = CORERXIODBITALIGN_C0_0/CORERXIODBITALIGN_C0_0/u_CoreRxIODBitAlign/RX_BIT_ALIGN_LEFT_WIN_11_1_0[1]
 at Wed Dec  9 01:19:53 2020.

		 Found Left in  Inst name = CORERXIODBITALIGN_C0_1/CORERXIODBITALIGN_C0_0/u_CoreRxIODBitAlign/RX_BIT_ALIGN_LEFT_WIN_11_1_0[6]
 at Wed Dec  9 01:19:53 2020.

		 Found Rght in  Inst name = CORERXIODBITALIGN_C0_1/CORERXIODBITALIGN_C0_0/u_CoreRxIODBitAlign/RX_BIT_ALIGN_RGHT_WIN[0]
 at Wed Dec  9 01:19:53 2020.

		 Found Rght in  Inst name = CORERXIODBITALIGN_C0_1/CORERXIODBITALIGN_C0_0/u_CoreRxIODBitAlign/RX_BIT_ALIGN_RGHT_WIN_11[7]
 at Wed Dec  9 01:19:53 2020.

		 Found Rght in  Inst name = CORERXIODBITALIGN_C0_0/CORERXIODBITALIGN_C0_0/u_CoreRxIODBitAlign/RX_BIT_ALIGN_RGHT_WIN[5]
 at Wed Dec  9 01:19:53 2020.

		 Found Left in  Inst name = RX_BIT_ALIGN_LEFT_WIN_0_obuf[7]/U_IOPAD
 at Wed Dec  9 01:19:53 2020.

		 Found Rght in  Inst name = RX_BIT_ALIGN_RGHT_WIN_obuf[5]/U_IOTRI
 at Wed Dec  9 01:19:53 2020.

		 Found Left in  Inst name = CORERXIODBITALIGN_C0_1/CORERXIODBITALIGN_C0_0/u_CoreRxIODBitAlign/RX_BIT_ALIGN_LEFT_WIN_0_sqmuxa_1
 at Wed Dec  9 01:19:53 2020.

		 Found Left in  Inst name = RX_BIT_ALIGN_LEFT_WIN_obuf[3]/U_IOTRI
 at Wed Dec  9 01:19:53 2020.

		 Found Left in  Inst name = CORERXIODBITALIGN_C0_1/CORERXIODBITALIGN_C0_0/u_CoreRxIODBitAlign/RX_BIT_ALIGN_LEFT_WIN_11_1_0[7]
 at Wed Dec  9 01:19:53 2020.

		 Found Rght in  Inst name = RX_BIT_ALIGN_RGHT_WIN_obuf[5]/U_IOPAD
 at Wed Dec  9 01:19:53 2020.

		 Found Rght in  Inst name = CORERXIODBITALIGN_C0_0/CORERXIODBITALIGN_C0_0/u_CoreRxIODBitAlign/RX_BIT_ALIGN_RGHT_WIN_11_1_0[1]
 at Wed Dec  9 01:19:53 2020.

		 Found Left in  Inst name = CORERXIODBITALIGN_C0_0/CORERXIODBITALIGN_C0_0/u_CoreRxIODBitAlign/RX_BIT_ALIGN_LEFT_WIN_11[4]
 at Wed Dec  9 01:19:53 2020.

@@ACTIVITY 20.1
 at Wed Dec  9 01:19:54 2020.

@@ACTIVITY 20.2
 at Wed Dec  9 01:19:54 2020.

@@ACTIVITY 20.3
 at Wed Dec  9 01:19:54 2020.

@@ACTIVITY 20.4
 at Wed Dec  9 01:19:54 2020.

@@ACTIVITY 30
 at Wed Dec  9 01:19:54 2020.

@@ACTIVITY 40
 at Wed Dec  9 01:19:54 2020.

@@ACTIVITY 0
 at Tue Dec 29 11:10:29 2020.

@@ACTIVITY 10
 at Tue Dec 29 11:10:57 2020.

@@ACTIVITY 20
 at Tue Dec 29 11:10:58 2020.


===============================================================================.
 at Tue Dec 29 11:10:59 2020.


 at Tue Dec 29 11:10:59 2020.

Info: Global design data: 
 at Tue Dec 29 11:10:59 2020.

      Total globals:                       5 
 at Tue Dec 29 11:10:59 2020.

      Globals that cannot be demoted:      4 
 at Tue Dec 29 11:10:59 2020.

      Globals considered for demotion:     1 
 at Tue Dec 29 11:10:59 2020.


 at Tue Dec 29 11:10:59 2020.


Info: List of globals that cannot be demoted: 
 at Tue Dec 29 11:10:59 2020.

    CLK    ASYN   DATA   Instance Name 
 at Tue Dec 29 11:10:59 2020.

    ---    ----   ----   ------------- 
 at Tue Dec 29 11:10:59 2020.

    2266   0      0      'PF_IOD_GENERIC_RX_C1_0/CLKINT_0' 
 at Tue Dec 29 11:10:59 2020.

    65     0      0      'PF_IOD_TX_CCC_C0_0/PF_CCC_0/clkint_8' 
 at Tue Dec 29 11:10:59 2020.

    7      0      1      'PF_CCC_C0_0/PF_CCC_C0_0/clkint_0' 
 at Tue Dec 29 11:10:59 2020.

    0      0      1      'PF_OSC_C1_0/PF_OSC_C1_0/I_OSC_160_INT' 
 at Tue Dec 29 11:10:59 2020.


Info: List of globals considered for demotion: 
 at Tue Dec 29 11:10:59 2020.

    CLK    ASYN   DATA   Instance Name 
 at Tue Dec 29 11:10:59 2020.

    ---    ----   ----   ------------- 
 at Tue Dec 29 11:10:59 2020.

    0      1596   0      'PF_IOD_GENERIC_RX_C1_0/COREBCLKSCLKALIGN_0/PF_IOD_GENERIC_RX_C1_TR_0/genblk1.U_ICB_BCLKSCLKALIGN/RX_CLK_ALIGN_DONE_rep_RNIOGJF' 
 at Tue Dec 29 11:10:59 2020.


Info: Demotion information: 
 at Tue Dec 29 11:10:59 2020.


===============================================================================.

 at Tue Dec 29 11:10:59 2020.

@@ACTIVITY 30
 at Tue Dec 29 11:10:59 2020.

@@ACTIVITY 40
 at Tue Dec 29 11:11:01 2020.

@@ACTIVITY 50
 at Tue Dec 29 11:11:02 2020.

@@ACTIVITY 60
 at Tue Dec 29 11:11:03 2020.

@@ACTIVITY 70
 at Tue Dec 29 11:11:03 2020.

@@ACTIVITY 80
 at Tue Dec 29 11:11:03 2020.

@@ACTIVITY 90
 at Tue Dec 29 11:11:03 2020.

@@ACTIVITY 100
 at Tue Dec 29 11:11:03 2020.

@@ACTIVITY 81
 at Tue Dec 29 13:25:30 2020.

@@ACTIVITY 6
 at Tue Dec 29 13:25:30 2020.

@@ACTIVITY 16
 at Tue Dec 29 13:25:30 2020.

@@ACTIVITY 36
 at Tue Dec 29 13:25:40 2020.

@@ACTIVITY 86
 at Tue Dec 29 13:26:07 2020.

@@ACTIVITY 50
 at Tue Dec 29 13:26:07 2020.


Tcl execution was successful.
 at Tue Dec 29 13:26:07 2020.


Tcl execution was successful.
 at Tue Dec 29 13:26:07 2020.

@@ACTIVITY 91
 at Tue Dec 29 13:26:11 2020.

@@ACTIVITY 100
 at Tue Dec 29 13:26:11 2020.


Tcl execution was successful.
 at Tue Dec 29 13:26:16 2020.

@@ACTIVITY 0
 at Tue Dec 29 13:26:17 2020.

Reading file C:\ALL_OLD_DATA\20211\IOD_2bitERR\designer\IOG_IOD_DDRX4_COMP\IOG_IOD_DDRX4_COMP.afl
 at Tue Dec 29 13:26:18 2020.

@@ACTIVITY 10
 at Tue Dec 29 13:26:18 2020.

Info: Generated dca file C:\ALL_OLD_DATA\20211\IOD_2bitERR\designer\IOG_IOD_DDRX4_COMP\IOG_IOD_DDRX4_COMP.dca
 at Tue Dec 29 13:26:19 2020.

@@ACTIVITY 100
 at Tue Dec 29 13:26:19 2020.

g5layout exit = 0
 at Tue Dec 29 13:26:19 2020.

@@ACTIVITY 0
 at Tue Dec 29 13:44:04 2020.

@@ACTIVITY 10
 at Tue Dec 29 13:44:37 2020.

@@ACTIVITY 20
 at Tue Dec 29 13:44:40 2020.

@@ACTIVITY 20.1
 at Tue Dec 29 13:44:41 2020.

@@ACTIVITY 20.2
 at Tue Dec 29 13:44:42 2020.

@@ACTIVITY 20.3
 at Tue Dec 29 13:44:42 2020.

@@ACTIVITY 20.4
 at Tue Dec 29 13:44:42 2020.

@@ACTIVITY 30
 at Tue Dec 29 13:44:42 2020.

@@ACTIVITY 40
 at Tue Dec 29 13:44:42 2020.

@@ACTIVITY 0
 at Wed Jan 13 06:37:38 2021.

@@ACTIVITY 10
 at Wed Jan 13 06:38:06 2021.

@@ACTIVITY 20
 at Wed Jan 13 06:38:10 2021.

@@ACTIVITY 20.1
 at Wed Jan 13 06:38:11 2021.

@@ACTIVITY 20.2
 at Wed Jan 13 06:38:11 2021.

@@ACTIVITY 20.3
 at Wed Jan 13 06:38:11 2021.

@@ACTIVITY 20.4
 at Wed Jan 13 06:38:11 2021.

@@ACTIVITY 30
 at Wed Jan 13 06:38:11 2021.

@@ACTIVITY 40
 at Wed Jan 13 06:38:11 2021.


Tcl execution was successful.
 at Wed Jan 13 11:27:41 2021.

@@ACTIVITY 0
 at Wed Jan 13 11:27:42 2021.

Reading file C:\ALL_OLD_DATA\20211\IOD_2bit_1400\designer\IOG_IOD_DDRX4_COMP\IOG_IOD_DDRX4_COMP.afl
 at Wed Jan 13 11:27:44 2021.

@@ACTIVITY 10
 at Wed Jan 13 11:27:44 2021.

Info: Generated dca file C:\ALL_OLD_DATA\20211\IOD_2bit_1400\designer\IOG_IOD_DDRX4_COMP\IOG_IOD_DDRX4_COMP.dca
 at Wed Jan 13 11:27:44 2021.

@@ACTIVITY 100
 at Wed Jan 13 11:27:44 2021.

g5layout exit = 0
 at Wed Jan 13 11:27:44 2021.

