********************************************************************
I/O Bank Report - Date: Tue Dec 29 11:57:21 2020
Product: Designer
Release: v2021.10
Version: 2021.10.1.1
Design Name: IOG_IOD_DDRX4_COMP
Family: PolarFire
Die: MPF300T
Package: FCG1152
********************************************************************


I/O Function:

    Type                                  | w/o register  | w/ register  | w/ DDR register
    --------------------------------------|---------------|--------------|----------------
    Input I/O                             | 5             | 0            | 0
    Output I/O                            | 66            | 0            | 0
    Bidirectional I/O                     | 0             | 0            | 0
    Differential Input I/O Pairs          | 3             | 0            | 0
    Differential Output I/O Pairs         | 3             | 0            | 0

I/O Technology:

                                    |   Voltages    |             I/Os              
    --------------------------------|-------|-------|-------|--------|--------------
    I/O Standard(s)                 | Vddi  | Vref  | Input | Output | Bidirectional
    --------------------------------|-------|-------|-------|--------|--------------
    LVCMOS18                        | 1.80v | N/A   | 5     | 66     | 0            
    SSTL18I (Input/Bidirectional)   | 1.80v | 0.90v | 6     | 0      | 0            
    SSTL18I (Output)                | 1.80v | N/A   | 0     | 6      | 0            

I/O Bank Resource Usage:

          |   Voltages    | Single I/Os  | Diff I/O Pairs |        Vref I/Os        |  Type   
          |-------|-------|------|-------|-------|--------|------|-------|----------|---------
          | Vddi  | Vref  | Used | Total | Used  | Total  | Used | Total | Vref Pins|         
    ------|-------|-------|------|-------|-------|--------|------|-------|----------|---------
    Bank0 | 1.80v | 0.90v | 7    | 72    | 0     | 36     | 0    | 72    | 0        | HSIO    
    Bank1 | N/A   | N/A   | 0    | 60    | 0     | 30     | N/A  | N/A   | N/A      | HSIO    
    Bank2 | 1.80v | N/A   | 30   | 96    | 0     | 48     | N/A  | N/A   | N/A      | GPIO    
    Bank3 | 3.30v | N/A   | 0    | 0     | 0     | 0      | N/A  | N/A   | N/A      | JTAG    
    Bank4 | N/A   | N/A   | 0    | 92    | 0     | 46     | N/A  | N/A   | N/A      | GPIO    
    Bank5 | 1.80v | 0.90v | 3    | 48    | 0     | 24     | 0    | 48    | 0        | GPIO    
    Bank6 | 1.80v | 0.90v | 30   | 72    | 6     | 36     | 0    | 72    | 0        | HSIO    
    Bank7 | 1.80v | N/A   | 1    | 72    | 0     | 36     | N/A  | N/A   | N/A      | HSIO    


I/O Voltage Usage:

       Voltages    |     I/Os     
    -------|-------|------|-------
     Vddi  | Vref  | Used | Total 
    -------|-------|------|-------
     1.80v | N/A   | 83   | 360   
     3.30v | N/A   | 0    | 0     
     1.80v | 0.90v | 0    | 192   

