Compile Report
Microsemi Corporation - Microsemi Libero Software Release v2021.10 (Version 2021.10.1.1)
Date: Tue Dec 29 11:11:01 2020

Device Selection
+------------------------+-------------+
| Family                 | PolarFire   |
| Device                 | MPF300T     |
| Package                | FCG1152     |
| Speed Grade            | -1          |
| Core Voltage           | 1.0V        |
| Part Range             | IND         |
| Default I/O technology | LVCMOS 1.8V |
| Restrict Probe Pins    | Yes         |
+------------------------+-------------+

Source Files
+---------+-------------------------------------------------------------------------------+
| Topcell | IOG_IOD_DDRX4_COMP                                                            |
| Format  | Verilog                                                                       |
| Source  | C:\ALL_OLD_DATA\20211\IOD_2bitERR\synthesis\synthesis_1\IOG_IOD_DDRX4_COMP.vm |
+---------+-------------------------------------------------------------------------------+

Options
+----------------------------------------------------+----+
| Limit the number of high fanout nets to display to | 10 |
+----------------------------------------------------+----+

Resource Usage
+---------------------------+------+--------+------------+
| Type                      | Used | Total  | Percentage |
+---------------------------+------+--------+------------+
| 4LUT                      | 2936 | 299544 | 0.98       |
| DFF                       | 2329 | 299544 | 0.78       |
| I/O Register              | 0    | 1536   | 0.00       |
| User I/O                  | 83   | 512    | 16.21      |
| -- Single-ended I/O       | 71   | 512    | 13.87      |
| -- Differential I/O Pairs | 6    | 256    | 2.34       |
| uSRAM                     | 0    | 2772   | 0.00       |
| LSRAM                     | 0    | 952    | 0.00       |
| Math                      | 0    | 924    | 0.00       |
| H-Chip Global             | 5    | 48     | 10.42      |
| PLL                       | 2    | 8      | 25.00      |
| DLL                       | 0    | 8      | 0.00       |
| CRN_INT                   | 2    | 24     | 8.33       |
| OSC_RC160MHZ              | 1    | 1      | 100.00     |
| Transceiver Lanes         | 0    | 16     | 0.00       |
| Transceiver PCIe          | 0    | 2      | 0.00       |
| ICB_CLKDIV                | 2    | 24     | 8.33       |
| ICB_CLKINT                | 4    | 72     | 5.56       |
+---------------------------+------+--------+------------+

Detailed Logic Resource Usage
+-----------------------+------+------+
| Type                  | 4LUT | DFF  |
+-----------------------+------+------+
| Fabric Logic          | 2936 | 2329 |
| uSRAM Interface Logic | 0    | 0    |
| LSRAM Interface Logic | 0    | 0    |
| Math Interface Logic  | 0    | 0    |
| Total Used            | 2936 | 2329 |
+-----------------------+------+------+

Detailed Carry Chains Resource Usage
+--------+------+
| Length | Used |
| 6      | 2    |
| 8      | 2    |
| 9      | 19   |
| 10     | 19   |
| 11     | 1    |
| Total  | 43   |
+--------+------+

Detailed 4LUT Groups Resource Usage
+--------+------+
| Length | Used |
| 2      | 1    |
| 46     | 24   |
| Total  | 25   |
+--------+------+

I/O Function
+-------------------------------+--------------+-------------+-----------------+
| Type                          | w/o register | w/ register | w/ DDR register |
+-------------------------------+--------------+-------------+-----------------+
| Input I/O                     | 5            | 0           | 0               |
| Output I/O                    | 66           | 0           | 0               |
| Bidirectional I/O             | 0            | 0           | 0               |
| Differential Input I/O Pairs  | 3            | 0           | 0               |
| Differential Output I/O Pairs | 3            | 0           | 0               |
+-------------------------------+--------------+-------------+-----------------+

Nets assigned to chip global resources
+--------+---------+------------------------------------------------------------------------------------------------------------------------------------------------+
| Fanout | Type    | Name                                                                                                                                           |
+--------+---------+------------------------------------------------------------------------------------------------------------------------------------------------+
| 2266   | INT_NET | Net   : PF_IOD_GENERIC_RX_C1_0_RX_CLK_G                                                                                                        |
|        |         | Driver: PF_IOD_GENERIC_RX_C1_0/CLKINT_0/U0_RGB1                                                                                                |
|        |         | Source: NETLIST                                                                                                                                |
| 1596   | INT_NET | Net   : RX_CLK_ALIGN_DONE_arst                                                                                                                 |
|        |         | Driver: PF_IOD_GENERIC_RX_C1_0/COREBCLKSCLKALIGN_0/PF_IOD_GENERIC_RX_C1_TR_0/genblk1.U_ICB_BCLKSCLKALIGN/RX_CLK_ALIGN_DONE_rep_RNIOGJF/U0_RGB1 |
|        |         | Source: NETLIST                                                                                                                                |
| 65     | INT_NET | Net   : PF_IOD_TX_CCC_C0_0_TX_CLK_G                                                                                                            |
|        |         | Driver: PF_IOD_TX_CCC_C0_0/PF_CCC_0/clkint_8/U0_RGB1                                                                                           |
|        |         | Source: NETLIST                                                                                                                                |
| 8      | INT_NET | Net   : PF_CCC_C0_0_OUT0_FABCLK_0                                                                                                              |
|        |         | Driver: PF_CCC_C0_0/PF_CCC_C0_0/clkint_0/U0_RGB1                                                                                               |
|        |         | Source: NETLIST                                                                                                                                |
| 1      | INT_NET | Net   : PF_OSC_C1_0_RCOSC_160MHZ_GL                                                                                                            |
|        |         | Driver: PF_OSC_C1_0/PF_OSC_C1_0/I_OSC_160_INT/U0_RGB1                                                                                          |
|        |         | Source: NETLIST                                                                                                                                |
+--------+---------+------------------------------------------------------------------------------------------------------------------------------------------------+

Nets assigned to row global resources
+--------+------+------+
| Fanout | Type | Name |
+--------+------+------+
+--------+------+------+

High fanout nets
+--------+---------+----------------------------------------------------------------------------------------------------------------------------------------------------------------------------------------+
| Fanout | Type    | Name                                                                                                                                                                                   |
+--------+---------+----------------------------------------------------------------------------------------------------------------------------------------------------------------------------------------+
| 674    | INT_NET | Net   : PF_IOD_TX_CCC_C0_0.COREBCLKSCLKALIGN_0.PF_IOD_TX_CCC_C0_TR_0.genblk1.U_PLL_BCLKSCLKALIGN.current_state[7]                                                                      |
|        |         | Driver: PF_IOD_TX_CCC_C0_0/COREBCLKSCLKALIGN_0/PF_IOD_TX_CCC_C0_TR_0/genblk1.U_PLL_BCLKSCLKALIGN/current_state[7]                                                                      |
| 514    | INT_NET | Net   : CORERXIODBITALIGN_C0_0/CORERXIODBITALIGN_C0_0/u_CoreRxIODBitAlign/un1_tap_cnt_0_sqmuxa_1_0_i_o2_0                                                                              |
|        |         | Driver: CORERXIODBITALIGN_C0_0/CORERXIODBITALIGN_C0_0/u_CoreRxIODBitAlign/un1_tap_cnt_0_sqmuxa_1_0_i_o2                                                                                |
| 514    | INT_NET | Net   : CORERXIODBITALIGN_C0_1/CORERXIODBITALIGN_C0_0/u_CoreRxIODBitAlign/un1_tap_cnt_0_sqmuxa_1_0_i_o2_Z                                                                              |
|        |         | Driver: CORERXIODBITALIGN_C0_1/CORERXIODBITALIGN_C0_0/u_CoreRxIODBitAlign/un1_tap_cnt_0_sqmuxa_1_0_i_o2                                                                                |
| 512    | INT_NET | Net   : PF_IOD_GENERIC_RX_C1_0/COREBCLKSCLKALIGN_0/PF_IOD_GENERIC_RX_C1_TR_0/genblk1.U_ICB_BCLKSCLKALIGN/N_673_i                                                                       |
|        |         | Driver: PF_IOD_GENERIC_RX_C1_0/COREBCLKSCLKALIGN_0/PF_IOD_GENERIC_RX_C1_TR_0/genblk1.U_ICB_BCLKSCLKALIGN/clkalign_curr_state_ns_5_0_.clkalign_curr_state_s5_0_a3                       |
| 267    | INT_NET | Net   : CORERXIODBITALIGN_C0_0/CORERXIODBITALIGN_C0_0/u_CoreRxIODBitAlign/emflag_cnt_Z[5]                                                                                              |
|        |         | Driver: CORERXIODBITALIGN_C0_0/CORERXIODBITALIGN_C0_0/u_CoreRxIODBitAlign/emflag_cnt[5]                                                                                                |
| 267    | INT_NET | Net   : CORERXIODBITALIGN_C0_1/CORERXIODBITALIGN_C0_0/u_CoreRxIODBitAlign/emflag_cnt_Z[5]                                                                                              |
|        |         | Driver: CORERXIODBITALIGN_C0_1/CORERXIODBITALIGN_C0_0/u_CoreRxIODBitAlign/emflag_cnt[5]                                                                                                |
| 262    | INT_NET | Net   : PF_IOD_GENERIC_RX_C1_0/COREBCLKSCLKALIGN_0/PF_IOD_GENERIC_RX_C1_TR_0/genblk1.U_ICB_BCLKSCLKALIGN/emflag_cnt_Z[5]                                                               |
|        |         | Driver: PF_IOD_GENERIC_RX_C1_0/COREBCLKSCLKALIGN_0/PF_IOD_GENERIC_RX_C1_TR_0/genblk1.U_ICB_BCLKSCLKALIGN/emflag_cnt[5]                                                                 |
| 256    | INT_NET | Net   : PF_IOD_GENERIC_RX_C1_0/COREBCLKSCLKALIGN_0/PF_IOD_GENERIC_RX_C1_TR_0/genblk1.U_ICB_BCLKSCLKALIGN/un1_early_flags_lsb14_i                                                       |
|        |         | Driver: PF_IOD_GENERIC_RX_C1_0/COREBCLKSCLKALIGN_0/PF_IOD_GENERIC_RX_C1_TR_0/genblk1.U_ICB_BCLKSCLKALIGN/clkalign_curr_state_ns_5_0_.un1_clkalign_curr_state_0_sqmuxa_8_0_a2_RNIN2AC   |
| 256    | INT_NET | Net   : PF_IOD_GENERIC_RX_C1_0/COREBCLKSCLKALIGN_0/PF_IOD_GENERIC_RX_C1_TR_0/genblk1.U_ICB_BCLKSCLKALIGN/un1_early_flags_lsb14_1_i                                                     |
|        |         | Driver: PF_IOD_GENERIC_RX_C1_0/COREBCLKSCLKALIGN_0/PF_IOD_GENERIC_RX_C1_TR_0/genblk1.U_ICB_BCLKSCLKALIGN/clkalign_curr_state_ns_5_0_.un1_clkalign_curr_state_0_sqmuxa_8_0_a2_RNIN2AC_0 |
| 256    | INT_NET | Net   : CORERXIODBITALIGN_C0_0/CORERXIODBITALIGN_C0_0/u_CoreRxIODBitAlign/N_111                                                                                                        |
|        |         | Driver: CORERXIODBITALIGN_C0_0/CORERXIODBITALIGN_C0_0/u_CoreRxIODBitAlign/un1_internal_rst_en_1_3_i_0                                                                                  |
+--------+---------+----------------------------------------------------------------------------------------------------------------------------------------------------------------------------------------+

High fanout nets (through buffer trees)
+--------+---------+----------------------------------------------------------------------------------------------------------------------------------------------------------------------------------------+
| Fanout | Type    | Name                                                                                                                                                                                   |
+--------+---------+----------------------------------------------------------------------------------------------------------------------------------------------------------------------------------------+
| 674    | INT_NET | Net   : PF_IOD_TX_CCC_C0_0.COREBCLKSCLKALIGN_0.PF_IOD_TX_CCC_C0_TR_0.genblk1.U_PLL_BCLKSCLKALIGN.current_state[7]                                                                      |
|        |         | Driver: PF_IOD_TX_CCC_C0_0/COREBCLKSCLKALIGN_0/PF_IOD_TX_CCC_C0_TR_0/genblk1.U_PLL_BCLKSCLKALIGN/current_state[7]                                                                      |
| 514    | INT_NET | Net   : CORERXIODBITALIGN_C0_0/CORERXIODBITALIGN_C0_0/u_CoreRxIODBitAlign/un1_tap_cnt_0_sqmuxa_1_0_i_o2_0                                                                              |
|        |         | Driver: CORERXIODBITALIGN_C0_0/CORERXIODBITALIGN_C0_0/u_CoreRxIODBitAlign/un1_tap_cnt_0_sqmuxa_1_0_i_o2                                                                                |
| 514    | INT_NET | Net   : CORERXIODBITALIGN_C0_1/CORERXIODBITALIGN_C0_0/u_CoreRxIODBitAlign/un1_tap_cnt_0_sqmuxa_1_0_i_o2_Z                                                                              |
|        |         | Driver: CORERXIODBITALIGN_C0_1/CORERXIODBITALIGN_C0_0/u_CoreRxIODBitAlign/un1_tap_cnt_0_sqmuxa_1_0_i_o2                                                                                |
| 512    | INT_NET | Net   : PF_IOD_GENERIC_RX_C1_0/COREBCLKSCLKALIGN_0/PF_IOD_GENERIC_RX_C1_TR_0/genblk1.U_ICB_BCLKSCLKALIGN/N_673_i                                                                       |
|        |         | Driver: PF_IOD_GENERIC_RX_C1_0/COREBCLKSCLKALIGN_0/PF_IOD_GENERIC_RX_C1_TR_0/genblk1.U_ICB_BCLKSCLKALIGN/clkalign_curr_state_ns_5_0_.clkalign_curr_state_s5_0_a3                       |
| 267    | INT_NET | Net   : CORERXIODBITALIGN_C0_0/CORERXIODBITALIGN_C0_0/u_CoreRxIODBitAlign/emflag_cnt_Z[5]                                                                                              |
|        |         | Driver: CORERXIODBITALIGN_C0_0/CORERXIODBITALIGN_C0_0/u_CoreRxIODBitAlign/emflag_cnt[5]                                                                                                |
| 267    | INT_NET | Net   : CORERXIODBITALIGN_C0_1/CORERXIODBITALIGN_C0_0/u_CoreRxIODBitAlign/emflag_cnt_Z[5]                                                                                              |
|        |         | Driver: CORERXIODBITALIGN_C0_1/CORERXIODBITALIGN_C0_0/u_CoreRxIODBitAlign/emflag_cnt[5]                                                                                                |
| 262    | INT_NET | Net   : PF_IOD_GENERIC_RX_C1_0/COREBCLKSCLKALIGN_0/PF_IOD_GENERIC_RX_C1_TR_0/genblk1.U_ICB_BCLKSCLKALIGN/emflag_cnt_Z[5]                                                               |
|        |         | Driver: PF_IOD_GENERIC_RX_C1_0/COREBCLKSCLKALIGN_0/PF_IOD_GENERIC_RX_C1_TR_0/genblk1.U_ICB_BCLKSCLKALIGN/emflag_cnt[5]                                                                 |
| 256    | INT_NET | Net   : PF_IOD_GENERIC_RX_C1_0/COREBCLKSCLKALIGN_0/PF_IOD_GENERIC_RX_C1_TR_0/genblk1.U_ICB_BCLKSCLKALIGN/un1_early_flags_lsb14_i                                                       |
|        |         | Driver: PF_IOD_GENERIC_RX_C1_0/COREBCLKSCLKALIGN_0/PF_IOD_GENERIC_RX_C1_TR_0/genblk1.U_ICB_BCLKSCLKALIGN/clkalign_curr_state_ns_5_0_.un1_clkalign_curr_state_0_sqmuxa_8_0_a2_RNIN2AC   |
| 256    | INT_NET | Net   : PF_IOD_GENERIC_RX_C1_0/COREBCLKSCLKALIGN_0/PF_IOD_GENERIC_RX_C1_TR_0/genblk1.U_ICB_BCLKSCLKALIGN/un1_early_flags_lsb14_1_i                                                     |
|        |         | Driver: PF_IOD_GENERIC_RX_C1_0/COREBCLKSCLKALIGN_0/PF_IOD_GENERIC_RX_C1_TR_0/genblk1.U_ICB_BCLKSCLKALIGN/clkalign_curr_state_ns_5_0_.un1_clkalign_curr_state_0_sqmuxa_8_0_a2_RNIN2AC_0 |
| 256    | INT_NET | Net   : CORERXIODBITALIGN_C0_0/CORERXIODBITALIGN_C0_0/u_CoreRxIODBitAlign/N_111                                                                                                        |
|        |         | Driver: CORERXIODBITALIGN_C0_0/CORERXIODBITALIGN_C0_0/u_CoreRxIODBitAlign/un1_internal_rst_en_1_3_i_0                                                                                  |
+--------+---------+----------------------------------------------------------------------------------------------------------------------------------------------------------------------------------------+

