1584098037 -16:43:57 -17629453 -ipcClient::Reconnect params
Hostname:  127.0.0.1
Port:      58015
Logfile:   E:/Suneel/Core/IOG_Reliability_Validation/Validation_designs/CoreRxIODBitAlign_new_1400x4Mbps_updaCPZ_1_2_0_110bas/synthesis/ipc_tcp_microsemi_75048_2142131414112.log
Reconnect: 0
Use ipv6:  0

1584098037 -16:43:57 -10035 -::HaveSocketEvent, wait for ::select
1584098037 -16:43:57 -10035 -::HaveSocketEvent, timeout for select: tv.tv_sec: 0 tv.tv_usec: 600000
1584098038 -16:43:58 -0 -goto REPEAT, ::connect as unblocked, - addr_rp->ai_next == nullptr
1584098038 -16:43:58 -10035 -::HaveSocketEvent, wait for ::select
1584098038 -16:43:58 -10035 -::HaveSocketEvent, timeout for select: tv.tv_sec: 0 tv.tv_usec: 600000
1584098039 -16:43:59 -0 -goto REPEAT, ::connect as unblocked, - addr_rp->ai_next == nullptr
1584098039 -16:43:59 -10035 -::HaveSocketEvent, wait for ::select
1584098039 -16:43:59 -10035 -::HaveSocketEvent, timeout for select: tv.tv_sec: 0 tv.tv_usec: 600000
1584098040 -16:44:00 -0 -ipcClient.socket or .connect
1584098040 -16:44:00 -17629453 -ipcClient::Reconnect params
Hostname:  127.0.0.1
Port:      58015
Logfile:   E:/Suneel/Core/IOG_Reliability_Validation/Validation_designs/CoreRxIODBitAlign_new_1400x4Mbps_updaCPZ_1_2_0_110bas/synthesis/ipc_tcp_microsemi_75048_2142131414112.log
Reconnect: 0
Use ipv6:  0

1584098040 -16:44:00 -10035 -::HaveSocketEvent, wait for ::select
1584098040 -16:44:00 -10035 -::HaveSocketEvent, timeout for select: tv.tv_sec: 15 tv.tv_usec: 0
1584098040 -16:44:00 -0 -::HaveSocketEvent, ::getpeername own: '127.0.0.1' peer: '127.0.0.1'
1584098040 -16:44:00 -10035 -::HaveSocketEvent, ::select, retval >= 0, success
