1589285988 -17:49:48 -17629453 -ipcClient::Reconnect params
Hostname:  127.0.0.1
Port:      58015
Logfile:   C:/CoreRxIODBitAlign/TX_Ce_RX_Dy_x4_1400/synthesis/ipc_tcp_microsemi_72384_2108787956672.log
Reconnect: 0
Use ipv6:  0

1589285988 -17:49:48 -10035 -::HaveSocketEvent, wait for ::select
1589285988 -17:49:48 -10035 -::HaveSocketEvent, timeout for select: tv.tv_sec: 0 tv.tv_usec: 600000
1589285989 -17:49:49 -0 -goto REPEAT, ::connect as unblocked, - addr_rp->ai_next == nullptr
1589285989 -17:49:49 -10035 -::HaveSocketEvent, wait for ::select
1589285989 -17:49:49 -10035 -::HaveSocketEvent, timeout for select: tv.tv_sec: 0 tv.tv_usec: 600000
1589285990 -17:49:50 -0 -goto REPEAT, ::connect as unblocked, - addr_rp->ai_next == nullptr
1589285990 -17:49:50 -10035 -::HaveSocketEvent, wait for ::select
1589285990 -17:49:50 -10035 -::HaveSocketEvent, timeout for select: tv.tv_sec: 0 tv.tv_usec: 600000
1589285991 -17:49:51 -0 -ipcClient.socket or .connect
1589285991 -17:49:51 -17629453 -ipcClient::Reconnect params
Hostname:  127.0.0.1
Port:      58015
Logfile:   C:/CoreRxIODBitAlign/TX_Ce_RX_Dy_x4_1400/synthesis/ipc_tcp_microsemi_72384_2108787956672.log
Reconnect: 0
Use ipv6:  0

1589285991 -17:49:51 -10035 -::HaveSocketEvent, wait for ::select
1589285991 -17:49:51 -10035 -::HaveSocketEvent, timeout for select: tv.tv_sec: 15 tv.tv_usec: 0
1589285992 -17:49:52 -0 -::HaveSocketEvent, ::getpeername own: '127.0.0.1' peer: '127.0.0.1'
1589285992 -17:49:52 -10035 -::HaveSocketEvent, ::select, retval >= 0, success
