argv 1 -product
argv 3 -tsl
argv 5 -idb
argv 7 -synplify_install
argv 9 -synplify_tool
argv 11 -log
argv 12 E:/Suneel/Core/IOG_Reliability_Validation/laxman/2_0_110_based/CoreRxIODBitAlign_new_1400x4Mbps_updaCPZ_1_2_0_110bas/synthesis/synthesis_2/synlog/IOG_IOD_DDRX4_COMP_identify_compile.log
argv 13 -family
argv 14 PolarFire
argv 15 -prj
argv 17 -curimpl
argv 19 -dbgimpl
argv 20 synthesis_2
argv 21 -fver
argv 23 -f
argv 25 -jobname
argv 26 identify_compile
argv 27 -ppid
argv 1 -product
argv 3 -srs_gen_hw
argv 5 -prj
argv 7 -idb
argv 9 -isrs
argv 11 -curimpl
argv 13 -write_fdc
argv 14 -log
argv 15 E:\Suneel\Core\IOG_Reliability_Validation\laxman\2_0_110_based\CoreRxIODBitAlign_new_1400x4Mbps_updaCPZ_1_2_0_110bas\synthesis\synthesis_2\identify.log
argv 16 -tsl
argv 18 -idc
argv 1 -product
argv 3 -use_gen2
argv 4 -idb
argv 6 -synplify_install
argv 8 -synplify_tool
argv 10 -log
argv 11 E:\Suneel\Core\IOG_Reliability_Validation\laxman\2_0_110_based\CoreRxIODBitAlign_new_1400x4Mbps_updaCPZ_1_2_0_110bas\synthesis\synthesis_2\synlog\IOG_IOD_DDRX4_COMP_identify_debugger.log
argv 12 -family
argv 13 PolarFire
argv 14 -prj
argv 16 -curimpl
argv 18 -dbgimpl
argv 19 synthesis_2
argv 20 -fver
argv 22 -jobname
argv 23 identify_debugger
argv 24 -ppid
argv 1 -product
argv 3 -use_gen2
argv 4 -idb
argv 6 -synplify_install
argv 8 -synplify_tool
argv 10 -log
argv 11 E:\Suneel\Core\IOG_Reliability_Validation\Validation_designs\CoreRxIODBitAlign_new_1400x4Mbps_updaCPZ_1_2_0_110bas\synthesis\synthesis_2\synlog\IOG_IOD_DDRX4_COMP_identify_debugger.log
argv 12 -family
argv 13 PolarFire
argv 14 -prj
argv 16 -curimpl
argv 18 -dbgimpl
argv 19 synthesis_2
argv 20 -fver
argv 22 -jobname
argv 23 identify_debugger
argv 24 -ppid
argv 1 -product
argv 3 -tsl
argv 5 -idb
argv 7 -synplify_install
argv 9 -synplify_tool
argv 11 -log
argv 12 E:/Suneel/Core/IOG_Reliability_Validation/Validation_designs/CoreRxIODBitAlign_new_1400x4Mbps_updaCPZ_1_2_0_110bas/synthesis/synthesis_2/synlog/IOG_IOD_DDRX4_COMP_identify_compile.log
argv 13 -family
argv 14 PolarFire
argv 15 -prj
argv 17 -curimpl
argv 19 -dbgimpl
argv 20 synthesis_2
argv 21 -fver
argv 23 -f
argv 25 -jobname
argv 26 identify_compile
argv 27 -ppid
argv 1 E:\Tools\12_600_0_13_alya\synplify_N201803MSP1-1\lib
argv 2 -tsl
argv 4 -idb
argv 6 -prj
argv 8 -curimpl
argv 10 -product
argv 1 -product
argv 3 -tsl
argv 5 -idb
argv 7 -synplify_install
argv 9 -synplify_tool
argv 11 -log
argv 12 E:/Suneel/Core/IOG_Reliability_Validation/Validation_designs/CoreRxIODBitAlign_new_1400x4Mbps_updaCPZ_1_2_0_110bas/synthesis/synthesis_2/synlog/IOG_IOD_DDRX4_COMP_identify_compile.log
argv 13 -family
argv 14 PolarFire
argv 15 -prj
argv 17 -curimpl
argv 19 -dbgimpl
argv 20 synthesis_2
argv 21 -fver
argv 23 -idc
argv 25 -f
argv 27 -jobname
argv 28 identify_compile
argv 29 -ppid
argv 1 -product
argv 3 -srs_gen_hw
argv 5 -prj
argv 7 -idb
argv 9 -isrs
argv 11 -curimpl
argv 13 -write_fdc
argv 14 -log
argv 15 E:\Suneel\Core\IOG_Reliability_Validation\Validation_designs\CoreRxIODBitAlign_new_1400x4Mbps_updaCPZ_1_2_0_110bas\synthesis\synthesis_2\identify.log
argv 16 -tsl
argv 18 -fidc
argv 1 -product
argv 3 -use_gen2
argv 4 -idb
argv 6 -synplify_install
argv 8 -synplify_tool
argv 10 -log
argv 11 E:\Suneel\Core\IOG_Reliability_Validation\Validation_designs\CoreRxIODBitAlign_new_1400x4Mbps_updaCPZ_1_2_0_110bas\synthesis\synthesis_2\synlog\IOG_IOD_DDRX4_COMP_identify_debugger.log
argv 12 -family
argv 13 PolarFire
argv 14 -prj
argv 16 -curimpl
argv 18 -dbgimpl
argv 19 synthesis_2
argv 20 -fver
argv 22 -jobname
argv 23 identify_debugger
argv 24 -ppid
argv 1 E:\Tools\12_600_0_13_alya\synplify_N201803MSP1-1\lib
argv 2 -tsl
argv 4 -idb
argv 6 -prj
argv 8 -curimpl
argv 10 -product
argv 1 -product
argv 3 -use_gen2
argv 4 -idb
argv 6 -synplify_install
argv 8 -synplify_tool
argv 10 -log
argv 11 E:\Suneel\Core\IOG_Reliability_Validation\Validation_designs\CoreRxIODBitAlign_new_1400x4Mbps_updaCPZ_1_2_0_110bas\synthesis\synthesis_2\synlog\IOG_IOD_DDRX4_COMP_identify_debugger.log
argv 12 -family
argv 13 PolarFire
argv 14 -prj
argv 16 -curimpl
argv 18 -dbgimpl
argv 19 synthesis_2
argv 20 -fver
argv 22 -jobname
argv 23 identify_debugger
argv 24 -ppid
argv 1 -product
argv 3 -use_gen2
argv 4 -idb
argv 6 -synplify_install
argv 8 -synplify_tool
argv 10 -log
argv 11 E:\Suneel\Core\IOG_Reliability_Validation\Validation_designs\CoreRxIODBitAlign_new_1400x4Mbps_updaCPZ_1_2_0_110bas\synthesis\synthesis_2\synlog\IOG_IOD_DDRX4_COMP_identify_debugger.log
argv 12 -family
argv 13 PolarFire
argv 14 -prj
argv 16 -curimpl
argv 18 -dbgimpl
argv 19 synthesis_2
argv 20 -fver
argv 22 -jobname
argv 23 identify_debugger
argv 24 -ppid
argv 1 -product
argv 3 -tsl
argv 5 -idb
argv 7 -synplify_install
argv 9 -synplify_tool
argv 11 -log
argv 12 E:/Suneel/Core/IOG_Reliability_Validation/Validation_designs/CoreRxIODBitAlign_new_1400x4Mbps_updaCPZ_1_2_0_110bas/synthesis/synthesis_2/synlog/IOG_IOD_DDRX4_COMP_identify_compile.log
argv 13 -family
argv 14 PolarFire
argv 15 -prj
argv 17 -curimpl
argv 19 -dbgimpl
argv 20 synthesis_2
argv 21 -fver
argv 23 -idc
argv 25 -f
argv 27 -jobname
argv 28 identify_compile
argv 29 -ppid
argv 1 -product
argv 3 -srs_gen_hw
argv 5 -prj
argv 7 -idb
argv 9 -isrs
argv 11 -curimpl
argv 13 -write_fdc
argv 14 -log
argv 15 E:\Suneel\Core\IOG_Reliability_Validation\Validation_designs\CoreRxIODBitAlign_new_1400x4Mbps_updaCPZ_1_2_0_110bas\synthesis\synthesis_2\identify.log
argv 16 -tsl
argv 18 -fidc
argv 1 -product
argv 3 -use_gen2
argv 4 -idb
argv 6 -synplify_install
argv 8 -synplify_tool
argv 10 -log
argv 11 E:\Suneel\Core\IOG_Reliability_Validation\Validation_designs\CoreRxIODBitAlign_new_1400x4Mbps_updaCPZ_1_2_0_110bas\synthesis\synthesis_2\synlog\IOG_IOD_DDRX4_COMP_identify_debugger.log
argv 12 -family
argv 13 PolarFire
argv 14 -prj
argv 16 -curimpl
argv 18 -dbgimpl
argv 19 synthesis_2
argv 20 -fver
argv 22 -jobname
argv 23 identify_debugger
argv 24 -ppid
argv 1 -product
argv 3 -tsl
argv 5 -idb
argv 7 -synplify_install
argv 9 -synplify_tool
argv 11 -log
argv 12 E:/Suneel/Core/IOG_Reliability_Validation/Validation_designs/CoreRxIODBitAlign_new_1600x4Mbps_updaCPZ_1_2_0_110bas/synthesis/synthesis_2/synlog/IOG_IOD_DDRX4_COMP_identify_compile.log
argv 13 -family
argv 14 PolarFire
argv 15 -prj
argv 17 -curimpl
argv 19 -dbgimpl
argv 20 synthesis_2
argv 21 -fver
argv 23 -idc
argv 25 -f
argv 27 -jobname
argv 28 identify_compile
argv 29 -ppid
argv 1 -product
argv 3 -srs_gen_hw
argv 5 -prj
argv 7 -idb
argv 9 -isrs
argv 11 -curimpl
argv 13 -write_fdc
argv 14 -log
argv 15 E:\Suneel\Core\IOG_Reliability_Validation\Validation_designs\CoreRxIODBitAlign_new_1600x4Mbps_updaCPZ_1_2_0_110bas\synthesis\synthesis_2\identify.log
argv 16 -tsl
argv 18 -fidc
argv 1 -product
argv 3 -use_gen2
argv 4 -idb
argv 6 -synplify_install
argv 8 -synplify_tool
argv 10 -log
argv 11 E:\Suneel\Core\IOG_Reliability_Validation\Validation_designs\CoreRxIODBitAlign_new_1600x4Mbps_updaCPZ_1_2_0_110bas\synthesis\synthesis_2\synlog\IOG_IOD_DDRX4_COMP_identify_debugger.log
argv 12 -family
argv 13 PolarFire
argv 14 -prj
argv 16 -curimpl
argv 18 -dbgimpl
argv 19 synthesis_2
argv 20 -fver
argv 22 -jobname
argv 23 identify_debugger
argv 24 -ppid
argv 1 -product
argv 3 -use_gen2
argv 4 -idb
argv 6 -synplify_install
argv 8 -synplify_tool
argv 10 -log
argv 11 E:\Suneel\Core\IOG_Reliability_Validation\Validation_designs\CoreRxIODBitAlign_new_1600x4Mbps_updaCPZ_1_2_0_110bas\synthesis\synthesis_2\synlog\IOG_IOD_DDRX4_COMP_identify_debugger.log
argv 12 -family
argv 13 PolarFire
argv 14 -prj
argv 16 -curimpl
argv 18 -dbgimpl
argv 19 synthesis_2
argv 20 -fver
argv 22 -jobname
argv 23 identify_debugger
argv 24 -ppid
argv 1 -product
argv 3 -tsl
argv 5 -idb
argv 7 -synplify_install
argv 9 -synplify_tool
argv 11 -log
argv 12 E:/Suneel/Core/IOG_Reliability_Validation/Validation_designs/CoreRxIODBitAlign_new_1600x4Mbps_updaCPZ_1_2_0_110bas_Centered/synthesis/synthesis_2/synlog/IOG_IOD_DDRX4_COMP_identify_compile.log
argv 13 -family
argv 14 PolarFire
argv 15 -prj
argv 17 -curimpl
argv 19 -dbgimpl
argv 20 synthesis_2
argv 21 -fver
argv 23 -idc
argv 25 -f
argv 27 -jobname
argv 28 identify_compile
argv 29 -ppid
argv 1 -product
argv 3 -tsl
argv 5 -idb
argv 7 -synplify_install
argv 9 -synplify_tool
argv 11 -log
argv 12 E:/Suneel/Core/IOG_Reliability_Validation/Validation_designs/CoreRxIODBitAlign_new_1600x4Mbps_updaCPZ_1_2_0_110bas_Centered/synthesis/synthesis_2/synlog/IOG_IOD_DDRX4_COMP_identify_compile.log
argv 13 -family
argv 14 PolarFire
argv 15 -prj
argv 17 -curimpl
argv 19 -dbgimpl
argv 20 synthesis_2
argv 21 -fver
argv 23 -idc
argv 25 -f
argv 27 -jobname
argv 28 identify_compile
argv 29 -ppid
argv 1 -product
argv 3 -srs_gen_hw
argv 5 -prj
argv 7 -idb
argv 9 -isrs
argv 11 -curimpl
argv 13 -write_fdc
argv 14 -log
argv 15 E:\Suneel\Core\IOG_Reliability_Validation\Validation_designs\CoreRxIODBitAlign_new_1600x4Mbps_updaCPZ_1_2_0_110bas_Centered\synthesis\synthesis_2\identify.log
argv 16 -tsl
argv 18 -fidc
argv 1 -product
argv 3 -use_gen2
argv 4 -idb
argv 6 -synplify_install
argv 8 -synplify_tool
argv 10 -log
argv 11 E:\Suneel\Core\IOG_Reliability_Validation\Validation_designs\CoreRxIODBitAlign_new_1600x4Mbps_updaCPZ_1_2_0_110bas_Centered\synthesis\synthesis_2\synlog\IOG_IOD_DDRX4_COMP_identify_debugger.log
argv 12 -family
argv 13 PolarFire
argv 14 -prj
argv 16 -curimpl
argv 18 -dbgimpl
argv 19 synthesis_2
argv 20 -fver
argv 22 -jobname
argv 23 identify_debugger
argv 24 -ppid
argv 1 -product
argv 3 -tsl
argv 5 -idb
argv 7 -synplify_install
argv 9 -synplify_tool
argv 11 -log
argv 12 E:/Suneel/Core/IOG_Reliability_Validation/Validation_designs/CoreRxIODBitAlign_new_1600x4Mbps_updaCPZ_1_2_0_110bas_Centered/synthesis/synthesis_2/synlog/IOG_IOD_DDRX4_COMP_identify_compile.log
argv 13 -family
argv 14 PolarFire
argv 15 -prj
argv 17 -curimpl
argv 19 -dbgimpl
argv 20 synthesis_2
argv 21 -fver
argv 23 -idc
argv 25 -f
argv 27 -jobname
argv 28 identify_compile
argv 29 -ppid
argv 1 -product
argv 3 -srs_gen_hw
argv 5 -prj
argv 7 -idb
argv 9 -isrs
argv 11 -curimpl
argv 13 -write_fdc
argv 14 -log
argv 15 E:\Suneel\Core\IOG_Reliability_Validation\Validation_designs\CoreRxIODBitAlign_new_1600x4Mbps_updaCPZ_1_2_0_110bas_Centered\synthesis\synthesis_2\identify.log
argv 16 -tsl
argv 18 -fidc
argv 1 -product
argv 3 -use_gen2
argv 4 -idb
argv 6 -synplify_install
argv 8 -synplify_tool
argv 10 -log
argv 11 E:\Suneel\Core\IOG_Reliability_Validation\Validation_designs\CoreRxIODBitAlign_new_1600x4Mbps_updaCPZ_1_2_0_110bas_Centered\synthesis\synthesis_2\synlog\IOG_IOD_DDRX4_COMP_identify_debugger.log
argv 12 -family
argv 13 PolarFire
argv 14 -prj
argv 16 -curimpl
argv 18 -dbgimpl
argv 19 synthesis_2
argv 20 -fver
argv 22 -jobname
argv 23 identify_debugger
argv 24 -ppid
argv 1 E:\Tools\12_600_0_13_alya\synplify_N201803MSP1-1\lib
argv 2 -tsl
argv 4 -idb
argv 6 -prj
argv 8 -curimpl
argv 10 -product
argv 1 -product
argv 3 -tsl
argv 5 -idb
argv 7 -synplify_install
argv 9 -synplify_tool
argv 11 -log
argv 12 E:/Suneel/Core/IOG_Reliability_Validation/Validation_designs/Lib12_4/CoreRxIODBitAlign_new_1400x4Mbps_updaCPZ_1_2_0_110bas_Centered/synthesis/synthesis_2/synlog/IOG_IOD_DDRX4_COMP_identify_compile.log
argv 13 -family
argv 14 PolarFire
argv 15 -prj
argv 17 -curimpl
argv 19 -dbgimpl
argv 20 synthesis_2
argv 21 -fver
argv 23 -idc
argv 25 -f
argv 27 -jobname
argv 28 identify_compile
argv 29 -ppid
argv 1 -product
argv 3 -srs_gen_hw
argv 5 -prj
argv 7 -idb
argv 9 -isrs
argv 11 -curimpl
argv 13 -write_fdc
argv 14 -log
argv 15 E:\Suneel\Core\IOG_Reliability_Validation\Validation_designs\Lib12_4\CoreRxIODBitAlign_new_1400x4Mbps_updaCPZ_1_2_0_110bas_Centered\synthesis\synthesis_2\identify.log
argv 16 -tsl
argv 18 -fidc
argv 1 -product
argv 3 -use_gen2
argv 4 -idb
argv 6 -synplify_install
argv 8 -synplify_tool
argv 10 -log
argv 11 C:\office\Lib12_4\CoreRxIODBitAlign_new_1400x4Mbps_updaCPZ_1_2_0_110bas_Centered\synthesis\synthesis_2\synlog\IOG_IOD_DDRX4_COMP_identify_debugger.log
argv 12 -family
argv 13 PolarFire
argv 14 -prj
argv 16 -curimpl
argv 18 -dbgimpl
argv 19 synthesis_2
argv 20 -fver
argv 22 -jobname
argv 23 identify_debugger
argv 24 -ppid
argv 1 -product
argv 3 -tsl
argv 5 -idb
argv 7 -synplify_install
argv 9 -synplify_tool
argv 11 -log
argv 12 C:/CoreRxIODBitAlign/TX_Ce_RX_Dy_x4_1400/synthesis/synthesis_2/synlog/IOG_IOD_DDRX4_COMP_identify_compile.log
argv 13 -family
argv 14 PolarFire
argv 15 -prj
argv 17 -curimpl
argv 19 -dbgimpl
argv 20 synthesis_2
argv 21 -fver
argv 23 -idc
argv 25 -f
argv 27 -jobname
argv 29 -ppid
argv 1 -product
argv 3 -tsl
argv 5 -idb
argv 7 -synplify_install
argv 9 -synplify_tool
argv 11 -log
argv 12 C:/CoreRxIODBitAlign/TX_Ce_RX_Dy_x4_1400/synthesis/synthesis_2/synlog/IOG_IOD_DDRX4_COMP_identify_compile.log
argv 13 -family
argv 14 PolarFire
argv 15 -prj
argv 17 -curimpl
argv 19 -dbgimpl
argv 20 synthesis_2
argv 21 -fver
argv 23 -idc
argv 25 -f
argv 27 -jobname
argv 29 -ppid
argv 1 -product
argv 3 -idb
argv 5 -synplify_install
argv 7 -synplify_tool
argv 9 -log
argv 10 C:\CoreRxIODBitAlign\TX_Ce_RX_Dy_x4_1400\synthesis\synthesis_2\synlog\IOG_IOD_DDRX4_COMP_identify_debugger.log
argv 11 -family
argv 12 PolarFire
argv 13 -prj
argv 15 -curimpl
argv 17 -dbgimpl
argv 18 synthesis_2
argv 19 -fver
argv 21 -jobname
argv 23 -ppid
argv 1 -product
argv 3 -tsl
argv 5 -idb
argv 7 -synplify_install
argv 9 -synplify_tool
argv 11 -log
argv 12 C:/CoreRxIODBitAlign/TX_Ce_RX_Dy_x4_1400/synthesis/synthesis_2/synlog/IOG_IOD_DDRX4_COMP_identify_compile.log
argv 13 -family
argv 14 PolarFire
argv 15 -prj
argv 17 -curimpl
argv 19 -dbgimpl
argv 20 synthesis_2
argv 21 -fver
argv 23 -idc
argv 25 -f
argv 27 -jobname
argv 29 -ppid
argv 1 -product
argv 3 -tsl
argv 5 -idb
argv 7 -synplify_install
argv 9 -synplify_tool
argv 11 -log
argv 12 C:/Lakshman/DBASE/WORK/CoreRxIODBitAlign/From_Suneel/TX_Ce_RX_Dy_x4_1400/synthesis/synthesis_2/synlog/IOG_IOD_DDRX4_COMP_identify_compile.log
argv 13 -family
argv 14 PolarFire
argv 15 -prj
argv 17 -curimpl
argv 19 -dbgimpl
argv 20 synthesis_2
argv 21 -fver
argv 23 -idc
argv 25 -f
argv 27 -jobname
argv 28 identify_compile
argv 29 -ppid
argv 1 -product
argv 3 -srs_gen_hw
argv 5 -prj
argv 7 -idb
argv 9 -isrs
argv 11 -curimpl
argv 13 -write_fdc
argv 14 -log
argv 15 C:\Lakshman\DBASE\WORK\CoreRxIODBitAlign\From_Suneel\TX_Ce_RX_Dy_x4_1400\synthesis\synthesis_2\identify.log
argv 16 -tsl
argv 18 -fidc
argv 1 -product
argv 3 -tsl
argv 5 -idb
argv 7 -synplify_install
argv 9 -synplify_tool
argv 11 -log
argv 12 C:/Lakshman/DBASE/WORK/CoreRxIODBitAlign/From_Suneel/TX_Ce_RX_Dy_x4_1400/synthesis/synthesis_2/synlog/IOG_IOD_DDRX4_COMP_identify_compile.log
argv 13 -family
argv 14 PolarFire
argv 15 -prj
argv 17 -curimpl
argv 19 -dbgimpl
argv 20 synthesis_2
argv 21 -fver
argv 23 -idc
argv 25 -f
argv 27 -jobname
argv 28 identify_compile
argv 29 -ppid
argv 1 -product
argv 3 -srs_gen_hw
argv 5 -prj
argv 7 -idb
argv 9 -isrs
argv 11 -curimpl
argv 13 -write_fdc
argv 14 -log
argv 15 C:\Lakshman\DBASE\WORK\CoreRxIODBitAlign\From_Suneel\TX_Ce_RX_Dy_x4_1400\synthesis\synthesis_2\identify.log
argv 16 -tsl
argv 18 -fidc
argv 1 -product
argv 3 -tsl
argv 5 -idb
argv 7 -synplify_install
argv 9 -synplify_tool
argv 11 -log
argv 12 C:/Lakshman/DBASE/WORK/CoreRxIODBitAlign/From_Suneel/TX_Ce_RX_Dy_x4_1400/synthesis/synthesis_2/synlog/IOG_IOD_DDRX4_COMP_identify_compile.log
argv 13 -family
argv 14 PolarFire
argv 15 -prj
argv 17 -curimpl
argv 19 -dbgimpl
argv 20 synthesis_2
argv 21 -fver
argv 23 -idc
argv 25 -f
argv 27 -jobname
argv 28 identify_compile
argv 29 -ppid
argv 1 -product
argv 3 -srs_gen_hw
argv 5 -prj
argv 7 -idb
argv 9 -isrs
argv 11 -curimpl
argv 13 -write_fdc
argv 14 -log
argv 15 C:\Lakshman\DBASE\WORK\CoreRxIODBitAlign\From_Suneel\TX_Ce_RX_Dy_x4_1400\synthesis\synthesis_2\identify.log
argv 16 -tsl
argv 18 -fidc
