
Starting:    \\hyd-fs\sqatest5\releases\production\Synopsys\Synplify\pc\synplify_Q202003MSP1\bin64\mbin\synbatch.exe
Install:     \\hyd-fs\sqatest5\releases\production\Synopsys\Synplify\pc\synplify_Q202003MSP1
Hostname:    HYD-LT-I30849
Date:        Tue Dec 29 11:06:52 2020
Version:     Q-2020.03M-SP1

Arguments:   -product synplify_pro -licensetype synplifypro_actel -batch -log synplify.log IOG_IOD_DDRX4_COMP_syn.tcl
ProductType: synplify_pro

License checkout: synplifypro_actel
License: synplifypro_actel from server wilkie 
Licensed Vendor: actel
License Option: actel_oem

Running in Vendor Mode

auto_infer_blackbox is not supported in current product.
auto_infer_blackbox is not supported in current product.
log file: "C:\ALL_OLD_DATA\20211\IOD_2bitERR\synthesis\synthesis_1\IOG_IOD_DDRX4_COMP.srr"
Running: synthesis_1 in foreground

Running IOG_IOD_DDRX4_COMP_syn|synthesis_1

Running Flow: compile (Compile) on IOG_IOD_DDRX4_COMP_syn|synthesis_1
# Tue Dec 29 11:07:25 2020

Running Flow: compile_flow (Compile Process) on IOG_IOD_DDRX4_COMP_syn|synthesis_1
# Tue Dec 29 11:07:25 2020

Running: compiler (Compile Input) on IOG_IOD_DDRX4_COMP_syn|synthesis_1
# Tue Dec 29 11:07:25 2020
Copied C:\ALL_OLD_DATA\20211\IOD_2bitERR\synthesis\synthesis_1\synwork\IOG_IOD_DDRX4_COMP_comp.srs to C:\ALL_OLD_DATA\20211\IOD_2bitERR\synthesis\synthesis_1\IOG_IOD_DDRX4_COMP.srs
Warning: File does not exist: C:\ALL_OLD_DATA\20211\IOD_2bitERR\synthesis\synthesis_2\identify.idc

compiler completed
# Tue Dec 29 11:08:13 2020

Return Code: 0
Run Time:00h:00m:48s

Running: multi_srs_gen (Multi-srs Generator) on IOG_IOD_DDRX4_COMP_syn|synthesis_1
# Tue Dec 29 11:08:14 2020
Warning: File does not exist: C:\ALL_OLD_DATA\20211\IOD_2bitERR\synthesis\synthesis_2\identify.idc

multi_srs_gen completed
# Tue Dec 29 11:08:19 2020

Return Code: 0
Run Time:00h:00m:05s
Copied C:\ALL_OLD_DATA\20211\IOD_2bitERR\synthesis\synthesis_1\synwork\IOG_IOD_DDRX4_COMP_mult.srs to C:\ALL_OLD_DATA\20211\IOD_2bitERR\synthesis\synthesis_1\IOG_IOD_DDRX4_COMP.srs
Complete: Compile Process on IOG_IOD_DDRX4_COMP_syn|synthesis_1

Running: premap (Premap) on IOG_IOD_DDRX4_COMP_syn|synthesis_1
# Tue Dec 29 11:08:20 2020
Warning: File does not exist: C:\ALL_OLD_DATA\20211\IOD_2bitERR\synthesis\synthesis_2\identify.idc

premap completed with warnings
# Tue Dec 29 11:09:07 2020

Return Code: 1
Run Time:00h:00m:47s
Complete: Compile on IOG_IOD_DDRX4_COMP_syn|synthesis_1

Running Flow: map (Map) on IOG_IOD_DDRX4_COMP_syn|synthesis_1
# Tue Dec 29 11:09:08 2020
License granted for 4 parallel jobs

Running: fpga_mapper (Map & Optimize) on IOG_IOD_DDRX4_COMP_syn|synthesis_1
# Tue Dec 29 11:09:08 2020
Copied C:\ALL_OLD_DATA\20211\IOD_2bitERR\synthesis\synthesis_1\synwork\IOG_IOD_DDRX4_COMP_m.srm to C:\ALL_OLD_DATA\20211\IOD_2bitERR\synthesis\synthesis_1\IOG_IOD_DDRX4_COMP.srm
Warning: File does not exist: C:\ALL_OLD_DATA\20211\IOD_2bitERR\synthesis\synthesis_2\identify.idc

fpga_mapper completed with warnings
# Tue Dec 29 11:10:19 2020

Return Code: 1
Run Time:00h:01m:11s
Complete: Map on IOG_IOD_DDRX4_COMP_syn|synthesis_1
Complete: Logic Synthesis on IOG_IOD_DDRX4_COMP_syn|synthesis_1
TCL script complete: "IOG_IOD_DDRX4_COMP_syn.tcl"
exit status=0
exit status=0
License checkin: synplifypro_actel
